# JRE version: Java(TM) SE Runtime Environment (8.0_241-b07) (build 1.8.0_241-b07)
# Java VM: Java HotSpot(TM) 64-Bit Server VM (25.241-b07 mixed mode windows-amd64 compressed oops)
Heap:
 PSYoungGen      total 278528K, used 103980K [0x00000000d5f00000, 0x00000000e9900000, 0x0000000100000000)
  eden space 263168K, 36% used [0x00000000d5f00000,0x00000000dbbeb508,0x00000000e6000000)
  from space 15360K, 57% used [0x00000000e6000000,0x00000000e689fe48,0x00000000e6f00000)
  to   space 13824K, 0% used [0x00000000e6f00000,0x00000000e6f00000,0x00000000e7c80000)
 ParOldGen       total 131584K, used 27430K [0x0000000081c00000, 0x0000000089c80000, 0x00000000d5f00000)
  object space 131584K, 20% used [0x0000000081c00000,0x00000000836c98a8,0x0000000089c80000)
 Metaspace       used 59811K, capacity 63796K, committed 63872K, reserved 1103872K
  class space    used 7864K, capacity 8546K, committed 8576K, reserved 1048576K
GC Heap History (10 events):
Event: 6.260 GC heap before
{Heap before GC invocations=12 (full 2):
 PSYoungGen      total 184832K, used 173568K [0x00000000d5f00000, 0x00000000e5f80000, 0x0000000100000000)
  eden space 173568K, 100% used [0x00000000d5f00000,0x00000000e0880000,0x00000000e0880000)
  from space 11264K, 0% used [0x00000000e0880000,0x00000000e0880000,0x00000000e1380000)
  to   space 11264K, 0% used [0x00000000e5480000,0x00000000e5480000,0x00000000e5f80000)
 ParOldGen       total 89088K, used 14097K [0x0000000081c00000, 0x0000000087300000, 0x00000000d5f00000)
  object space 89088K, 15% used [0x0000000081c00000,0x00000000829c44b0,0x0000000087300000)
 Metaspace       used 40754K, capacity 43344K, committed 43648K, reserved 1087488K
  class space    used 5449K, capacity 5902K, committed 6016K, reserved 1048576K
Event: 6.271 GC heap after
Heap after GC invocations=12 (full 2):
 PSYoungGen      total 227840K, used 10641K [0x00000000d5f00000, 0x00000000e5f00000, 0x0000000100000000)
  eden space 217088K, 0% used [0x00000000d5f00000,0x00000000d5f00000,0x00000000e3300000)
  from space 10752K, 98% used [0x00000000e5480000,0x00000000e5ee4478,0x00000000e5f00000)
  to   space 12288K, 0% used [0x00000000e4700000,0x00000000e4700000,0x00000000e5300000)
 ParOldGen       total 89088K, used 14105K [0x0000000081c00000, 0x0000000087300000, 0x00000000d5f00000)
  object space 89088K, 15% used [0x0000000081c00000,0x00000000829c64b0,0x0000000087300000)
 Metaspace       used 40754K, capacity 43344K, committed 43648K, reserved 1087488K
  class space    used 5449K, capacity 5902K, committed 6016K, reserved 1048576K
}
Event: 9.067 GC heap before
{Heap before GC invocations=13 (full 2):
 PSYoungGen      total 227840K, used 227729K [0x00000000d5f00000, 0x00000000e5f00000, 0x0000000100000000)
  eden space 217088K, 100% used [0x00000000d5f00000,0x00000000e3300000,0x00000000e3300000)
  from space 10752K, 98% used [0x00000000e5480000,0x00000000e5ee4478,0x00000000e5f00000)
  to   space 12288K, 0% used [0x00000000e4700000,0x00000000e4700000,0x00000000e5300000)
 ParOldGen       total 89088K, used 14105K [0x0000000081c00000, 0x0000000087300000, 0x00000000d5f00000)
  object space 89088K, 15% used [0x0000000081c00000,0x00000000829c64b0,0x0000000087300000)
 Metaspace       used 48215K, capacity 51420K, committed 51584K, reserved 1093632K
  class space    used 6441K, capacity 7004K, committed 7040K, reserved 1048576K
Event: 9.080 GC heap after
Heap after GC invocations=13 (full 2):
 PSYoungGen      total 249856K, used 12257K [0x00000000d5f00000, 0x00000000e7c80000, 0x0000000100000000)
  eden space 237568K, 0% used [0x00000000d5f00000,0x00000000d5f00000,0x00000000e4700000)
  from space 12288K, 99% used [0x00000000e4700000,0x00000000e52f8528,0x00000000e5300000)
  to   space 13824K, 0% used [0x00000000e6f00000,0x00000000e6f00000,0x00000000e7c80000)
 ParOldGen       total 89088K, used 14851K [0x0000000081c00000, 0x0000000087300000, 0x00000000d5f00000)
  object space 89088K, 16% used [0x0000000081c00000,0x0000000082a80d38,0x0000000087300000)
 Metaspace       used 48215K, capacity 51420K, committed 51584K, reserved 1093632K
  class space    used 6441K, capacity 7004K, committed 7040K, reserved 1048576K
}
Event: 10.412 GC heap before
{Heap before GC invocations=14 (full 2):
 PSYoungGen      total 249856K, used 212371K [0x00000000d5f00000, 0x00000000e7c80000, 0x0000000100000000)
  eden space 237568K, 84% used [0x00000000d5f00000,0x00000000e226c708,0x00000000e4700000)
  from space 12288K, 99% used [0x00000000e4700000,0x00000000e52f8528,0x00000000e5300000)
  to   space 13824K, 0% used [0x00000000e6f00000,0x00000000e6f00000,0x00000000e7c80000)
 ParOldGen       total 89088K, used 14851K [0x0000000081c00000, 0x0000000087300000, 0x00000000d5f00000)
  object space 89088K, 16% used [0x0000000081c00000,0x0000000082a80d38,0x0000000087300000)
 Metaspace       used 55412K, capacity 58954K, committed 59136K, reserved 1099776K
  class space    used 7298K, capacity 7919K, committed 7936K, reserved 1048576K
Event: 10.433 GC heap after
Heap after GC invocations=14 (full 2):
 PSYoungGen      total 276992K, used 13348K [0x00000000d5f00000, 0x00000000e9900000, 0x0000000100000000)
  eden space 263168K, 0% used [0x00000000d5f00000,0x00000000d5f00000,0x00000000e6000000)
  from space 13824K, 96% used [0x00000000e6f00000,0x00000000e7c09118,0x00000000e7c80000)
  to   space 15360K, 0% used [0x00000000e6000000,0x00000000e6000000,0x00000000e6f00000)
 ParOldGen       total 89088K, used 18543K [0x0000000081c00000, 0x0000000087300000, 0x00000000d5f00000)
  object space 89088K, 20% used [0x0000000081c00000,0x0000000082e1bd98,0x0000000087300000)
 Metaspace       used 55412K, capacity 58954K, committed 59136K, reserved 1099776K
  class space    used 7298K, capacity 7919K, committed 7936K, reserved 1048576K
}
Event: 10.433 GC heap before
{Heap before GC invocations=15 (full 3):
 PSYoungGen      total 276992K, used 13348K [0x00000000d5f00000, 0x00000000e9900000, 0x0000000100000000)
  eden space 263168K, 0% used [0x00000000d5f00000,0x00000000d5f00000,0x00000000e6000000)
  from space 13824K, 96% used [0x00000000e6f00000,0x00000000e7c09118,0x00000000e7c80000)
  to   space 15360K, 0% used [0x00000000e6000000,0x00000000e6000000,0x00000000e6f00000)
 ParOldGen       total 89088K, used 18543K [0x0000000081c00000, 0x0000000087300000, 0x00000000d5f00000)
  object space 89088K, 20% used [0x0000000081c00000,0x0000000082e1bd98,0x0000000087300000)
 Metaspace       used 55412K, capacity 58954K, committed 59136K, reserved 1099776K
  class space    used 7298K, capacity 7919K, committed 7936K, reserved 1048576K
Event: 10.631 GC heap after
Heap after GC invocations=15 (full 3):
 PSYoungGen      total 276992K, used 0K [0x00000000d5f00000, 0x00000000e9900000, 0x0000000100000000)
  eden space 263168K, 0% used [0x00000000d5f00000,0x00000000d5f00000,0x00000000e6000000)
  from space 13824K, 0% used [0x00000000e6f00000,0x00000000e6f00000,0x00000000e7c80000)
  to   space 15360K, 0% used [0x00000000e6000000,0x00000000e6000000,0x00000000e6f00000)
 ParOldGen       total 131584K, used 27422K [0x0000000081c00000, 0x0000000089c80000, 0x00000000d5f00000)
  object space 131584K, 20% used [0x0000000081c00000,0x00000000836c78a8,0x0000000089c80000)
 Metaspace       used 55412K, capacity 58954K, committed 59136K, reserved 1099776K
  class space    used 7298K, capacity 7919K, committed 7936K, reserved 1048576K
}
Event: 12.355 GC heap before
{Heap before GC invocations=16 (full 3):
 PSYoungGen      total 276992K, used 263168K [0x00000000d5f00000, 0x00000000e9900000, 0x0000000100000000)
  eden space 263168K, 100% used [0x00000000d5f00000,0x00000000e6000000,0x00000000e6000000)
  from space 13824K, 0% used [0x00000000e6f00000,0x00000000e6f00000,0x00000000e7c80000)
  to   space 15360K, 0% used [0x00000000e6000000,0x00000000e6000000,0x00000000e6f00000)
 ParOldGen       total 131584K, used 27422K [0x0000000081c00000, 0x0000000089c80000, 0x00000000d5f00000)
  object space 131584K, 20% used [0x0000000081c00000,0x00000000836c78a8,0x0000000089c80000)
 Metaspace       used 58606K, capacity 62430K, committed 62720K, reserved 1103872K
  class space    used 7692K, capacity 8351K, committed 8448K, reserved 1048576K
Event: 12.366 GC heap after
Heap after GC invocations=16 (full 3):
 PSYoungGen      total 278528K, used 8831K [0x00000000d5f00000, 0x00000000e9900000, 0x0000000100000000)
  eden space 263168K, 0% used [0x00000000d5f00000,0x00000000d5f00000,0x00000000e6000000)
  from space 15360K, 57% used [0x00000000e6000000,0x00000000e689fe48,0x00000000e6f00000)
  to   space 13824K, 0% used [0x00000000e6f00000,0x00000000e6f00000,0x00000000e7c80000)
 ParOldGen       total 131584K, used 27430K [0x0000000081c00000, 0x0000000089c80000, 0x00000000d5f00000)
  object space 131584K, 20% used [0x0000000081c00000,0x00000000836c98a8,0x0000000089c80000)
 Metaspace       used 58606K, capacity 62430K, committed 62720K, reserved 1103872K
  class space    used 7692K, capacity 8351K, committed 8448K, reserved 1048576K
}

