# JRE version: Java(TM) SE Runtime Environment (8.0_241-b07) (build 1.8.0_241-b07)
# Java VM: Java HotSpot(TM) 64-Bit Server VM (25.241-b07 mixed mode windows-amd64 compressed oops)
Heap:
 PSYoungGen      total 357888K, used 244045K [0x00000000d5f00000, 0x00000000ef000000, 0x0000000100000000)
  eden space 340480K, 68% used [0x00000000d5f00000,0x00000000e421a9e0,0x00000000eab80000)
  from space 17408K, 66% used [0x00000000eab80000,0x00000000eb6b8c00,0x00000000ebc80000)
  to   space 16384K, 0% used [0x00000000ebc80000,0x00000000ebc80000,0x00000000ecc80000)
 ParOldGen       total 133120K, used 24316K [0x0000000081c00000, 0x0000000089e00000, 0x00000000d5f00000)
  object space 133120K, 18% used [0x0000000081c00000,0x00000000833bf300,0x0000000089e00000)
 Metaspace       used 65632K, capacity 70076K, committed 70272K, reserved 1110016K
  class space    used 8565K, capacity 9330K, committed 9344K, reserved 1048576K
GC Heap History (10 events):
Event: 7.754 GC heap before
{Heap before GC invocations=10 (full 2):
 PSYoungGen      total 208384K, used 197120K [0x00000000d5f00000, 0x00000000ea080000, 0x0000000100000000)
  eden space 197120K, 100% used [0x00000000d5f00000,0x00000000e1f80000,0x00000000e1f80000)
  from space 11264K, 0% used [0x00000000e1f80000,0x00000000e1f80000,0x00000000e2a80000)
  to   space 12288K, 0% used [0x00000000e9480000,0x00000000e9480000,0x00000000ea080000)
 ParOldGen       total 95744K, used 15592K [0x0000000081c00000, 0x0000000087980000, 0x00000000d5f00000)
  object space 95744K, 16% used [0x0000000081c00000,0x0000000082b3a368,0x0000000087980000)
 Metaspace       used 41781K, capacity 44446K, committed 44544K, reserved 1087488K
  class space    used 5597K, capacity 6077K, committed 6144K, reserved 1048576K
Event: 7.765 GC heap after
Heap after GC invocations=10 (full 2):
 PSYoungGen      total 290304K, used 12106K [0x00000000d5f00000, 0x00000000ea080000, 0x0000000100000000)
  eden space 278016K, 0% used [0x00000000d5f00000,0x00000000d5f00000,0x00000000e6e80000)
  from space 12288K, 98% used [0x00000000e9480000,0x00000000ea052ad8,0x00000000ea080000)
  to   space 13824K, 0% used [0x00000000e8580000,0x00000000e8580000,0x00000000e9300000)
 ParOldGen       total 95744K, used 15600K [0x0000000081c00000, 0x0000000087980000, 0x00000000d5f00000)
  object space 95744K, 16% used [0x0000000081c00000,0x0000000082b3c368,0x0000000087980000)
 Metaspace       used 41781K, capacity 44446K, committed 44544K, reserved 1087488K
  class space    used 5597K, capacity 6077K, committed 6144K, reserved 1048576K
}
Event: 11.025 GC heap before
{Heap before GC invocations=11 (full 2):
 PSYoungGen      total 290304K, used 290122K [0x00000000d5f00000, 0x00000000ea080000, 0x0000000100000000)
  eden space 278016K, 100% used [0x00000000d5f00000,0x00000000e6e80000,0x00000000e6e80000)
  from space 12288K, 98% used [0x00000000e9480000,0x00000000ea052ad8,0x00000000ea080000)
  to   space 13824K, 0% used [0x00000000e8580000,0x00000000e8580000,0x00000000e9300000)
 ParOldGen       total 95744K, used 15600K [0x0000000081c00000, 0x0000000087980000, 0x00000000d5f00000)
  object space 95744K, 16% used [0x0000000081c00000,0x0000000082b3c368,0x0000000087980000)
 Metaspace       used 51965K, capacity 55416K, committed 55680K, reserved 1097728K
  class space    used 6913K, capacity 7522K, committed 7552K, reserved 1048576K
Event: 11.051 GC heap after
Heap after GC invocations=11 (full 2):
 PSYoungGen      total 315392K, used 13817K [0x00000000d5f00000, 0x00000000ecc80000, 0x0000000100000000)
  eden space 301568K, 0% used [0x00000000d5f00000,0x00000000d5f00000,0x00000000e8580000)
  from space 13824K, 99% used [0x00000000e8580000,0x00000000e92fe6d0,0x00000000e9300000)
  to   space 16384K, 0% used [0x00000000ebc80000,0x00000000ebc80000,0x00000000ecc80000)
 ParOldGen       total 95744K, used 18938K [0x0000000081c00000, 0x0000000087980000, 0x00000000d5f00000)
  object space 95744K, 19% used [0x0000000081c00000,0x0000000082e7e888,0x0000000087980000)
 Metaspace       used 51965K, capacity 55416K, committed 55680K, reserved 1097728K
  class space    used 6913K, capacity 7522K, committed 7552K, reserved 1048576K
}
Event: 11.766 GC heap before
{Heap before GC invocations=12 (full 2):
 PSYoungGen      total 315392K, used 132072K [0x00000000d5f00000, 0x00000000ecc80000, 0x0000000100000000)
  eden space 301568K, 39% used [0x00000000d5f00000,0x00000000dd27bd00,0x00000000e8580000)
  from space 13824K, 99% used [0x00000000e8580000,0x00000000e92fe6d0,0x00000000e9300000)
  to   space 16384K, 0% used [0x00000000ebc80000,0x00000000ebc80000,0x00000000ecc80000)
 ParOldGen       total 95744K, used 18938K [0x0000000081c00000, 0x0000000087980000, 0x00000000d5f00000)
  object space 95744K, 19% used [0x0000000081c00000,0x0000000082e7e888,0x0000000087980000)
 Metaspace       used 55382K, capacity 58954K, committed 59136K, reserved 1099776K
  class space    used 7297K, capacity 7919K, committed 7936K, reserved 1048576K
Event: 11.782 GC heap after
Heap after GC invocations=12 (full 2):
 PSYoungGen      total 356864K, used 13796K [0x00000000d5f00000, 0x00000000ef000000, 0x0000000100000000)
  eden space 340480K, 0% used [0x00000000d5f00000,0x00000000d5f00000,0x00000000eab80000)
  from space 16384K, 84% used [0x00000000ebc80000,0x00000000ec9f92f0,0x00000000ecc80000)
  to   space 17408K, 0% used [0x00000000eab80000,0x00000000eab80000,0x00000000ebc80000)
 ParOldGen       total 95744K, used 18946K [0x0000000081c00000, 0x0000000087980000, 0x00000000d5f00000)
  object space 95744K, 19% used [0x0000000081c00000,0x0000000082e80888,0x0000000087980000)
 Metaspace       used 55382K, capacity 58954K, committed 59136K, reserved 1099776K
  class space    used 7297K, capacity 7919K, committed 7936K, reserved 1048576K
}
Event: 11.782 GC heap before
{Heap before GC invocations=13 (full 3):
 PSYoungGen      total 356864K, used 13796K [0x00000000d5f00000, 0x00000000ef000000, 0x0000000100000000)
  eden space 340480K, 0% used [0x00000000d5f00000,0x00000000d5f00000,0x00000000eab80000)
  from space 16384K, 84% used [0x00000000ebc80000,0x00000000ec9f92f0,0x00000000ecc80000)
  to   space 17408K, 0% used [0x00000000eab80000,0x00000000eab80000,0x00000000ebc80000)
 ParOldGen       total 95744K, used 18946K [0x0000000081c00000, 0x0000000087980000, 0x00000000d5f00000)
  object space 95744K, 19% used [0x0000000081c00000,0x0000000082e80888,0x0000000087980000)
 Metaspace       used 55382K, capacity 58954K, committed 59136K, reserved 1099776K
  class space    used 7297K, capacity 7919K, committed 7936K, reserved 1048576K
Event: 11.947 GC heap after
Heap after GC invocations=13 (full 3):
 PSYoungGen      total 356864K, used 0K [0x00000000d5f00000, 0x00000000ef000000, 0x0000000100000000)
  eden space 340480K, 0% used [0x00000000d5f00000,0x00000000d5f00000,0x00000000eab80000)
  from space 16384K, 0% used [0x00000000ebc80000,0x00000000ebc80000,0x00000000ecc80000)
  to   space 17408K, 0% used [0x00000000eab80000,0x00000000eab80000,0x00000000ebc80000)
 ParOldGen       total 133120K, used 24308K [0x0000000081c00000, 0x0000000089e00000, 0x00000000d5f00000)
  object space 133120K, 18% used [0x0000000081c00000,0x00000000833bd300,0x0000000089e00000)
 Metaspace       used 55382K, capacity 58954K, committed 59136K, reserved 1099776K
  class space    used 7297K, capacity 7919K, committed 7936K, reserved 1048576K
}
Event: 14.016 GC heap before
{Heap before GC invocations=14 (full 3):
 PSYoungGen      total 356864K, used 340480K [0x00000000d5f00000, 0x00000000ef000000, 0x0000000100000000)
  eden space 340480K, 100% used [0x00000000d5f00000,0x00000000eab80000,0x00000000eab80000)
  from space 16384K, 0% used [0x00000000ebc80000,0x00000000ebc80000,0x00000000ecc80000)
  to   space 17408K, 0% used [0x00000000eab80000,0x00000000eab80000,0x00000000ebc80000)
 ParOldGen       total 133120K, used 24308K [0x0000000081c00000, 0x0000000089e00000, 0x00000000d5f00000)
  object space 133120K, 18% used [0x0000000081c00000,0x00000000833bd300,0x0000000089e00000)
 Metaspace       used 59730K, capacity 63626K, committed 63872K, reserved 1103872K
  class space    used 7856K, capacity 8513K, committed 8576K, reserved 1048576K
Event: 14.034 GC heap after
Heap after GC invocations=14 (full 3):
 PSYoungGen      total 357888K, used 11491K [0x00000000d5f00000, 0x00000000ef000000, 0x0000000100000000)
  eden space 340480K, 0% used [0x00000000d5f00000,0x00000000d5f00000,0x00000000eab80000)
  from space 17408K, 66% used [0x00000000eab80000,0x00000000eb6b8c00,0x00000000ebc80000)
  to   space 16384K, 0% used [0x00000000ebc80000,0x00000000ebc80000,0x00000000ecc80000)
 ParOldGen       total 133120K, used 24316K [0x0000000081c00000, 0x0000000089e00000, 0x00000000d5f00000)
  object space 133120K, 18% used [0x0000000081c00000,0x00000000833bf300,0x0000000089e00000)
 Metaspace       used 59730K, capacity 63626K, committed 63872K, reserved 1103872K
  class space    used 7856K, capacity 8513K, committed 8576K, reserved 1048576K
}

