# JRE version: Java(TM) SE Runtime Environment (8.0_241-b07) (build 1.8.0_241-b07)
# Java VM: Java HotSpot(TM) 64-Bit Server VM (25.241-b07 mixed mode windows-amd64 compressed oops)
Heap:
 PSYoungGen      total 68096K, used 61624K [0x00000000d5f00000, 0x00000000dc280000, 0x0000000100000000)
  eden space 58880K, 99% used [0x00000000d5f00000,0x00000000d983a178,0x00000000d9880000)
  from space 9216K, 32% used [0x00000000d9880000,0x00000000d9b74008,0x00000000da180000)
  to   space 9216K, 0% used [0x00000000db980000,0x00000000db980000,0x00000000dc280000)
 ParOldGen       total 57344K, used 7838K [0x0000000081c00000, 0x0000000085400000, 0x00000000d5f00000)
  object space 57344K, 13% used [0x0000000081c00000,0x00000000823a7910,0x0000000085400000)
 Metaspace       used 25474K, capacity 27396K, committed 27776K, reserved 1073152K
  class space    used 3527K, capacity 3870K, committed 3968K, reserved 1048576K
GC Heap History (10 events):
Event: 4.352 GC heap before
{Heap before GC invocations=4 (full 0):
 PSYoungGen      total 38400K, used 38374K [0x00000000d5f00000, 0x00000000d8980000, 0x0000000100000000)
  eden space 33280K, 100% used [0x00000000d5f00000,0x00000000d7f80000,0x00000000d7f80000)
  from space 5120K, 99% used [0x00000000d7f80000,0x00000000d8479970,0x00000000d8480000)
  to   space 5120K, 0% used [0x00000000d8480000,0x00000000d8480000,0x00000000d8980000)
 ParOldGen       total 87552K, used 2240K [0x0000000081c00000, 0x0000000087180000, 0x00000000d5f00000)
  object space 87552K, 2% used [0x0000000081c00000,0x0000000081e302d8,0x0000000087180000)
 Metaspace       used 16383K, capacity 17980K, committed 18176K, reserved 1064960K
  class space    used 2186K, capacity 2486K, committed 2560K, reserved 1048576K
Event: 4.369 GC heap after
Heap after GC invocations=4 (full 0):
 PSYoungGen      total 38400K, used 5110K [0x00000000d5f00000, 0x00000000daa00000, 0x0000000100000000)
  eden space 33280K, 0% used [0x00000000d5f00000,0x00000000d5f00000,0x00000000d7f80000)
  from space 5120K, 99% used [0x00000000d8480000,0x00000000d897d980,0x00000000d8980000)
  to   space 5120K, 0% used [0x00000000d7f80000,0x00000000d7f80000,0x00000000d8480000)
 ParOldGen       total 87552K, used 3862K [0x0000000081c00000, 0x0000000087180000, 0x00000000d5f00000)
  object space 87552K, 4% used [0x0000000081c00000,0x0000000081fc5a50,0x0000000087180000)
 Metaspace       used 16383K, capacity 17980K, committed 18176K, reserved 1064960K
  class space    used 2186K, capacity 2486K, committed 2560K, reserved 1048576K
}
Event: 4.924 GC heap before
{Heap before GC invocations=5 (full 0):
 PSYoungGen      total 38400K, used 30046K [0x00000000d5f00000, 0x00000000daa00000, 0x0000000100000000)
  eden space 33280K, 74% used [0x00000000d5f00000,0x00000000d775a1f0,0x00000000d7f80000)
  from space 5120K, 99% used [0x00000000d8480000,0x00000000d897d980,0x00000000d8980000)
  to   space 5120K, 0% used [0x00000000d7f80000,0x00000000d7f80000,0x00000000d8480000)
 ParOldGen       total 87552K, used 3862K [0x0000000081c00000, 0x0000000087180000, 0x00000000d5f00000)
  object space 87552K, 4% used [0x0000000081c00000,0x0000000081fc5a50,0x0000000087180000)
 Metaspace       used 19591K, capacity 21268K, committed 21296K, reserved 1067008K
  class space    used 2625K, capacity 2944K, committed 2944K, reserved 1048576K
Event: 4.973 GC heap after
Heap after GC invocations=5 (full 0):
 PSYoungGen      total 38400K, used 5103K [0x00000000d5f00000, 0x00000000db100000, 0x0000000100000000)
  eden space 33280K, 0% used [0x00000000d5f00000,0x00000000d5f00000,0x00000000d7f80000)
  from space 5120K, 99% used [0x00000000d7f80000,0x00000000d847be78,0x00000000d8480000)
  to   space 8704K, 0% used [0x00000000da880000,0x00000000da880000,0x00000000db100000)
 ParOldGen       total 87552K, used 6568K [0x0000000081c00000, 0x0000000087180000, 0x00000000d5f00000)
  object space 87552K, 7% used [0x0000000081c00000,0x000000008226a200,0x0000000087180000)
 Metaspace       used 19591K, capacity 21268K, committed 21296K, reserved 1067008K
  class space    used 2625K, capacity 2944K, committed 2944K, reserved 1048576K
}
Event: 4.973 GC heap before
{Heap before GC invocations=6 (full 1):
 PSYoungGen      total 38400K, used 5103K [0x00000000d5f00000, 0x00000000db100000, 0x0000000100000000)
  eden space 33280K, 0% used [0x00000000d5f00000,0x00000000d5f00000,0x00000000d7f80000)
  from space 5120K, 99% used [0x00000000d7f80000,0x00000000d847be78,0x00000000d8480000)
  to   space 8704K, 0% used [0x00000000da880000,0x00000000da880000,0x00000000db100000)
 ParOldGen       total 87552K, used 6568K [0x0000000081c00000, 0x0000000087180000, 0x00000000d5f00000)
  object space 87552K, 7% used [0x0000000081c00000,0x000000008226a200,0x0000000087180000)
 Metaspace       used 19591K, capacity 21268K, committed 21296K, reserved 1067008K
  class space    used 2625K, capacity 2944K, committed 2944K, reserved 1048576K
Event: 5.059 GC heap after
Heap after GC invocations=6 (full 1):
 PSYoungGen      total 38400K, used 0K [0x00000000d5f00000, 0x00000000db100000, 0x0000000100000000)
  eden space 33280K, 0% used [0x00000000d5f00000,0x00000000d5f00000,0x00000000d7f80000)
  from space 5120K, 0% used [0x00000000d7f80000,0x00000000d7f80000,0x00000000d8480000)
  to   space 8704K, 0% used [0x00000000da880000,0x00000000da880000,0x00000000db100000)
 ParOldGen       total 57344K, used 7822K [0x0000000081c00000, 0x0000000085400000, 0x00000000d5f00000)
  object space 57344K, 13% used [0x0000000081c00000,0x00000000823a3910,0x0000000085400000)
 Metaspace       used 19591K, capacity 21268K, committed 21296K, reserved 1067008K
  class space    used 2625K, capacity 2944K, committed 2944K, reserved 1048576K
}
Event: 5.367 GC heap before
{Heap before GC invocations=7 (full 1):
 PSYoungGen      total 38400K, used 33280K [0x00000000d5f00000, 0x00000000db100000, 0x0000000100000000)
  eden space 33280K, 100% used [0x00000000d5f00000,0x00000000d7f80000,0x00000000d7f80000)
  from space 5120K, 0% used [0x00000000d7f80000,0x00000000d7f80000,0x00000000d8480000)
  to   space 8704K, 0% used [0x00000000da880000,0x00000000da880000,0x00000000db100000)
 ParOldGen       total 57344K, used 7822K [0x0000000081c00000, 0x0000000085400000, 0x00000000d5f00000)
  object space 57344K, 13% used [0x0000000081c00000,0x00000000823a3910,0x0000000085400000)
 Metaspace       used 21265K, capacity 23098K, committed 23296K, reserved 1069056K
  class space    used 2914K, capacity 3241K, committed 3328K, reserved 1048576K
Event: 5.371 GC heap after
Heap after GC invocations=7 (full 1):
 PSYoungGen      total 54784K, used 1902K [0x00000000d5f00000, 0x00000000daa80000, 0x0000000100000000)
  eden space 52736K, 0% used [0x00000000d5f00000,0x00000000d5f00000,0x00000000d9280000)
  from space 2048K, 92% used [0x00000000da880000,0x00000000daa5b9d0,0x00000000daa80000)
  to   space 9216K, 0% used [0x00000000d9880000,0x00000000d9880000,0x00000000da180000)
 ParOldGen       total 57344K, used 7830K [0x0000000081c00000, 0x0000000085400000, 0x00000000d5f00000)
  object space 57344K, 13% used [0x0000000081c00000,0x00000000823a5910,0x0000000085400000)
 Metaspace       used 21265K, capacity 23098K, committed 23296K, reserved 1069056K
  class space    used 2914K, capacity 3241K, committed 3328K, reserved 1048576K
}
Event: 5.651 GC heap before
{Heap before GC invocations=8 (full 1):
 PSYoungGen      total 54784K, used 54638K [0x00000000d5f00000, 0x00000000daa80000, 0x0000000100000000)
  eden space 52736K, 100% used [0x00000000d5f00000,0x00000000d9280000,0x00000000d9280000)
  from space 2048K, 92% used [0x00000000da880000,0x00000000daa5b9d0,0x00000000daa80000)
  to   space 9216K, 0% used [0x00000000d9880000,0x00000000d9880000,0x00000000da180000)
 ParOldGen       total 57344K, used 7830K [0x0000000081c00000, 0x0000000085400000, 0x00000000d5f00000)
  object space 57344K, 13% used [0x0000000081c00000,0x00000000823a5910,0x0000000085400000)
 Metaspace       used 23501K, capacity 25388K, committed 25728K, reserved 1071104K
  class space    used 3254K, capacity 3588K, committed 3712K, reserved 1048576K
Event: 5.657 GC heap after
Heap after GC invocations=8 (full 1):
 PSYoungGen      total 68096K, used 3024K [0x00000000d5f00000, 0x00000000dc280000, 0x0000000100000000)
  eden space 58880K, 0% used [0x00000000d5f00000,0x00000000d5f00000,0x00000000d9880000)
  from space 9216K, 32% used [0x00000000d9880000,0x00000000d9b74008,0x00000000da180000)
  to   space 9216K, 0% used [0x00000000db980000,0x00000000db980000,0x00000000dc280000)
 ParOldGen       total 57344K, used 7838K [0x0000000081c00000, 0x0000000085400000, 0x00000000d5f00000)
  object space 57344K, 13% used [0x0000000081c00000,0x00000000823a7910,0x0000000085400000)
 Metaspace       used 23501K, capacity 25388K, committed 25728K, reserved 1071104K
  class space    used 3254K, capacity 3588K, committed 3712K, reserved 1048576K
}

