# JRE version: Java(TM) SE Runtime Environment (8.0_241-b07) (build 1.8.0_241-b07)
# Java VM: Java HotSpot(TM) 64-Bit Server VM (25.241-b07 mixed mode windows-amd64 compressed oops)
Heap:
 PSYoungGen      total 262144K, used 109945K [0x00000000d5f00000, 0x00000000e7400000, 0x0000000100000000)
  eden space 250880K, 41% used [0x00000000d5f00000,0x00000000dc375f70,0x00000000e5400000)
  from space 11264K, 62% used [0x00000000e6900000,0x00000000e6fe8598,0x00000000e7400000)
  to   space 16384K, 0% used [0x00000000e5400000,0x00000000e5400000,0x00000000e6400000)
 ParOldGen       total 139776K, used 24131K [0x0000000081c00000, 0x000000008a480000, 0x00000000d5f00000)
  object space 139776K, 17% used [0x0000000081c00000,0x0000000083390ce8,0x000000008a480000)
 Metaspace       used 59211K, capacity 63058K, committed 63232K, reserved 1103872K
  class space    used 7774K, capacity 8425K, committed 8448K, reserved 1048576K
GC Heap History (10 events):
Event: 8.524 GC heap before
{Heap before GC invocations=13 (full 2):
 PSYoungGen      total 181248K, used 181173K [0x00000000d5f00000, 0x00000000e2180000, 0x0000000100000000)
  eden space 172544K, 100% used [0x00000000d5f00000,0x00000000e0780000,0x00000000e0780000)
  from space 8704K, 99% used [0x00000000e1900000,0x00000000e216d500,0x00000000e2180000)
  to   space 11776K, 0% used [0x00000000e0a80000,0x00000000e0a80000,0x00000000e1600000)
 ParOldGen       total 98304K, used 14514K [0x0000000081c00000, 0x0000000087c00000, 0x00000000d5f00000)
  object space 98304K, 14% used [0x0000000081c00000,0x0000000082a2ca58,0x0000000087c00000)
 Metaspace       used 45281K, capacity 48460K, committed 48640K, reserved 1091584K
  class space    used 6029K, capacity 6572K, committed 6656K, reserved 1048576K
Event: 8.538 GC heap after
Heap after GC invocations=13 (full 2):
 PSYoungGen      total 187392K, used 11768K [0x00000000d5f00000, 0x00000000e4780000, 0x0000000100000000)
  eden space 175616K, 0% used [0x00000000d5f00000,0x00000000d5f00000,0x00000000e0a80000)
  from space 11776K, 99% used [0x00000000e0a80000,0x00000000e15fe1c0,0x00000000e1600000)
  to   space 13312K, 0% used [0x00000000e3a80000,0x00000000e3a80000,0x00000000e4780000)
 ParOldGen       total 98304K, used 14712K [0x0000000081c00000, 0x0000000087c00000, 0x00000000d5f00000)
  object space 98304K, 14% used [0x0000000081c00000,0x0000000082a5e0c0,0x0000000087c00000)
 Metaspace       used 45281K, capacity 48460K, committed 48640K, reserved 1091584K
  class space    used 6029K, capacity 6572K, committed 6656K, reserved 1048576K
}
Event: 10.652 GC heap before
{Heap before GC invocations=14 (full 2):
 PSYoungGen      total 187392K, used 187384K [0x00000000d5f00000, 0x00000000e4780000, 0x0000000100000000)
  eden space 175616K, 100% used [0x00000000d5f00000,0x00000000e0a80000,0x00000000e0a80000)
  from space 11776K, 99% used [0x00000000e0a80000,0x00000000e15fe1c0,0x00000000e1600000)
  to   space 13312K, 0% used [0x00000000e3a80000,0x00000000e3a80000,0x00000000e4780000)
 ParOldGen       total 98304K, used 14712K [0x0000000081c00000, 0x0000000087c00000, 0x00000000d5f00000)
  object space 98304K, 14% used [0x0000000081c00000,0x0000000082a5e0c0,0x0000000087c00000)
 Metaspace       used 52405K, capacity 55862K, committed 56064K, reserved 1097728K
  class space    used 6956K, capacity 7567K, committed 7680K, reserved 1048576K
Event: 10.675 GC heap after
Heap after GC invocations=14 (full 2):
 PSYoungGen      total 222208K, used 13300K [0x00000000d5f00000, 0x00000000e4f00000, 0x0000000100000000)
  eden space 208896K, 0% used [0x00000000d5f00000,0x00000000d5f00000,0x00000000e2b00000)
  from space 13312K, 99% used [0x00000000e3a80000,0x00000000e477d3c0,0x00000000e4780000)
  to   space 15872K, 0% used [0x00000000e2b00000,0x00000000e2b00000,0x00000000e3a80000)
 ParOldGen       total 98304K, used 17395K [0x0000000081c00000, 0x0000000087c00000, 0x00000000d5f00000)
  object space 98304K, 17% used [0x0000000081c00000,0x0000000082cfcfc0,0x0000000087c00000)
 Metaspace       used 52405K, capacity 55862K, committed 56064K, reserved 1097728K
  class space    used 6956K, capacity 7567K, committed 7680K, reserved 1048576K
}
Event: 11.619 GC heap before
{Heap before GC invocations=15 (full 2):
 PSYoungGen      total 222208K, used 115685K [0x00000000d5f00000, 0x00000000e4f00000, 0x0000000100000000)
  eden space 208896K, 49% used [0x00000000d5f00000,0x00000000dc2fc418,0x00000000e2b00000)
  from space 13312K, 99% used [0x00000000e3a80000,0x00000000e477d3c0,0x00000000e4780000)
  to   space 15872K, 0% used [0x00000000e2b00000,0x00000000e2b00000,0x00000000e3a80000)
 ParOldGen       total 98304K, used 17395K [0x0000000081c00000, 0x0000000087c00000, 0x00000000d5f00000)
  object space 98304K, 17% used [0x0000000081c00000,0x0000000082cfcfc0,0x0000000087c00000)
 Metaspace       used 55417K, capacity 58954K, committed 59136K, reserved 1099776K
  class space    used 7298K, capacity 7919K, committed 7936K, reserved 1048576K
Event: 11.634 GC heap after
Heap after GC invocations=15 (full 2):
 PSYoungGen      total 224768K, used 13556K [0x00000000d5f00000, 0x00000000e7980000, 0x0000000100000000)
  eden space 208896K, 0% used [0x00000000d5f00000,0x00000000d5f00000,0x00000000e2b00000)
  from space 15872K, 85% used [0x00000000e2b00000,0x00000000e383d330,0x00000000e3a80000)
  to   space 16896K, 0% used [0x00000000e6900000,0x00000000e6900000,0x00000000e7980000)
 ParOldGen       total 98304K, used 17403K [0x0000000081c00000, 0x0000000087c00000, 0x00000000d5f00000)
  object space 98304K, 17% used [0x0000000081c00000,0x0000000082cfefc0,0x0000000087c00000)
 Metaspace       used 55417K, capacity 58954K, committed 59136K, reserved 1099776K
  class space    used 7298K, capacity 7919K, committed 7936K, reserved 1048576K
}
Event: 11.634 GC heap before
{Heap before GC invocations=16 (full 3):
 PSYoungGen      total 224768K, used 13556K [0x00000000d5f00000, 0x00000000e7980000, 0x0000000100000000)
  eden space 208896K, 0% used [0x00000000d5f00000,0x00000000d5f00000,0x00000000e2b00000)
  from space 15872K, 85% used [0x00000000e2b00000,0x00000000e383d330,0x00000000e3a80000)
  to   space 16896K, 0% used [0x00000000e6900000,0x00000000e6900000,0x00000000e7980000)
 ParOldGen       total 98304K, used 17403K [0x0000000081c00000, 0x0000000087c00000, 0x00000000d5f00000)
  object space 98304K, 17% used [0x0000000081c00000,0x0000000082cfefc0,0x0000000087c00000)
 Metaspace       used 55417K, capacity 58954K, committed 59136K, reserved 1099776K
  class space    used 7298K, capacity 7919K, committed 7936K, reserved 1048576K
Event: 11.795 GC heap after
Heap after GC invocations=16 (full 3):
 PSYoungGen      total 224768K, used 0K [0x00000000d5f00000, 0x00000000e7980000, 0x0000000100000000)
  eden space 208896K, 0% used [0x00000000d5f00000,0x00000000d5f00000,0x00000000e2b00000)
  from space 15872K, 0% used [0x00000000e2b00000,0x00000000e2b00000,0x00000000e3a80000)
  to   space 16896K, 0% used [0x00000000e6900000,0x00000000e6900000,0x00000000e7980000)
 ParOldGen       total 139776K, used 24123K [0x0000000081c00000, 0x000000008a480000, 0x00000000d5f00000)
  object space 139776K, 17% used [0x0000000081c00000,0x000000008338ece8,0x000000008a480000)
 Metaspace       used 55417K, capacity 58954K, committed 59136K, reserved 1099776K
  class space    used 7298K, capacity 7919K, committed 7936K, reserved 1048576K
}
Event: 13.249 GC heap before
{Heap before GC invocations=17 (full 3):
 PSYoungGen      total 224768K, used 208896K [0x00000000d5f00000, 0x00000000e7980000, 0x0000000100000000)
  eden space 208896K, 100% used [0x00000000d5f00000,0x00000000e2b00000,0x00000000e2b00000)
  from space 15872K, 0% used [0x00000000e2b00000,0x00000000e2b00000,0x00000000e3a80000)
  to   space 16896K, 0% used [0x00000000e6900000,0x00000000e6900000,0x00000000e7980000)
 ParOldGen       total 139776K, used 24123K [0x0000000081c00000, 0x000000008a480000, 0x00000000d5f00000)
  object space 139776K, 17% used [0x0000000081c00000,0x000000008338ece8,0x000000008a480000)
 Metaspace       used 58194K, capacity 61956K, committed 62080K, reserved 1103872K
  class space    used 7643K, capacity 8282K, committed 8320K, reserved 1048576K
Event: 13.262 GC heap after
Heap after GC invocations=17 (full 3):
 PSYoungGen      total 262144K, used 7073K [0x00000000d5f00000, 0x00000000e7400000, 0x0000000100000000)
  eden space 250880K, 0% used [0x00000000d5f00000,0x00000000d5f00000,0x00000000e5400000)
  from space 11264K, 62% used [0x00000000e6900000,0x00000000e6fe8598,0x00000000e7400000)
  to   space 16384K, 0% used [0x00000000e5400000,0x00000000e5400000,0x00000000e6400000)
 ParOldGen       total 139776K, used 24131K [0x0000000081c00000, 0x000000008a480000, 0x00000000d5f00000)
  object space 139776K, 17% used [0x0000000081c00000,0x0000000083390ce8,0x000000008a480000)
 Metaspace       used 58194K, capacity 61956K, committed 62080K, reserved 1103872K
  class space    used 7643K, capacity 8282K, committed 8320K, reserved 1048576K
}

