# JRE version: Java(TM) SE Runtime Environment (8.0_241-b07) (build 1.8.0_241-b07)
# Java VM: Java HotSpot(TM) 64-Bit Server VM (25.241-b07 mixed mode windows-amd64 compressed oops)
Heap:
 PSYoungGen      total 268800K, used 136190K [0x00000000d5f00000, 0x00000000e7700000, 0x0000000100000000)
  eden space 254976K, 47% used [0x00000000d5f00000,0x00000000dd6816e8,0x00000000e5800000)
  from space 13824K, 99% used [0x00000000e5c00000,0x00000000e697e420,0x00000000e6980000)
  to   space 7168K, 0% used [0x00000000e7000000,0x00000000e7000000,0x00000000e7700000)
 ParOldGen       total 123904K, used 26757K [0x0000000081c00000, 0x0000000089500000, 0x00000000d5f00000)
  object space 123904K, 21% used [0x0000000081c00000,0x00000000836216d0,0x0000000089500000)
 Metaspace       used 65763K, capacity 70200K, committed 70272K, reserved 1110016K
  class space    used 8571K, capacity 9328K, committed 9344K, reserved 1048576K
GC Heap History (10 events):
Event: 9.643 GC heap before
{Heap before GC invocations=14 (full 2):
 PSYoungGen      total 184320K, used 184293K [0x00000000d5f00000, 0x00000000e4300000, 0x0000000100000000)
  eden space 173056K, 100% used [0x00000000d5f00000,0x00000000e0800000,0x00000000e0800000)
  from space 11264K, 99% used [0x00000000e0800000,0x00000000e12f97e0,0x00000000e1300000)
  to   space 12800K, 0% used [0x00000000e3680000,0x00000000e3680000,0x00000000e4300000)
 ParOldGen       total 88064K, used 14560K [0x0000000081c00000, 0x0000000087200000, 0x00000000d5f00000)
  object space 88064K, 16% used [0x0000000081c00000,0x0000000082a38288,0x0000000087200000)
 Metaspace       used 51634K, capacity 55028K, committed 55168K, reserved 1097728K
  class space    used 6876K, capacity 7480K, committed 7552K, reserved 1048576K
Event: 9.658 GC heap after
Heap after GC invocations=14 (full 2):
 PSYoungGen      total 219648K, used 11921K [0x00000000d5f00000, 0x00000000e4d80000, 0x0000000100000000)
  eden space 206848K, 0% used [0x00000000d5f00000,0x00000000d5f00000,0x00000000e2900000)
  from space 12800K, 93% used [0x00000000e3680000,0x00000000e4224798,0x00000000e4300000)
  to   space 13824K, 0% used [0x00000000e2900000,0x00000000e2900000,0x00000000e3680000)
 ParOldGen       total 88064K, used 17780K [0x0000000081c00000, 0x0000000087200000, 0x00000000d5f00000)
  object space 88064K, 20% used [0x0000000081c00000,0x0000000082d5d298,0x0000000087200000)
 Metaspace       used 51634K, capacity 55028K, committed 55168K, reserved 1097728K
  class space    used 6876K, capacity 7480K, committed 7552K, reserved 1048576K
}
Event: 10.313 GC heap before
{Heap before GC invocations=15 (full 2):
 PSYoungGen      total 219648K, used 136200K [0x00000000d5f00000, 0x00000000e4d80000, 0x0000000100000000)
  eden space 206848K, 60% used [0x00000000d5f00000,0x00000000dd85d8f0,0x00000000e2900000)
  from space 12800K, 93% used [0x00000000e3680000,0x00000000e4224798,0x00000000e4300000)
  to   space 13824K, 0% used [0x00000000e2900000,0x00000000e2900000,0x00000000e3680000)
 ParOldGen       total 88064K, used 17780K [0x0000000081c00000, 0x0000000087200000, 0x00000000d5f00000)
  object space 88064K, 20% used [0x0000000081c00000,0x0000000082d5d298,0x0000000087200000)
 Metaspace       used 55435K, capacity 58944K, committed 59136K, reserved 1099776K
  class space    used 7297K, capacity 7916K, committed 7936K, reserved 1048576K
Event: 10.329 GC heap after
Heap after GC invocations=15 (full 2):
 PSYoungGen      total 220672K, used 10910K [0x00000000d5f00000, 0x00000000e7e00000, 0x0000000100000000)
  eden space 206848K, 0% used [0x00000000d5f00000,0x00000000d5f00000,0x00000000e2900000)
  from space 13824K, 78% used [0x00000000e2900000,0x00000000e33a7838,0x00000000e3680000)
  to   space 14336K, 0% used [0x00000000e7000000,0x00000000e7000000,0x00000000e7e00000)
 ParOldGen       total 88064K, used 17788K [0x0000000081c00000, 0x0000000087200000, 0x00000000d5f00000)
  object space 88064K, 20% used [0x0000000081c00000,0x0000000082d5f298,0x0000000087200000)
 Metaspace       used 55435K, capacity 58944K, committed 59136K, reserved 1099776K
  class space    used 7297K, capacity 7916K, committed 7936K, reserved 1048576K
}
Event: 10.329 GC heap before
{Heap before GC invocations=16 (full 3):
 PSYoungGen      total 220672K, used 10910K [0x00000000d5f00000, 0x00000000e7e00000, 0x0000000100000000)
  eden space 206848K, 0% used [0x00000000d5f00000,0x00000000d5f00000,0x00000000e2900000)
  from space 13824K, 78% used [0x00000000e2900000,0x00000000e33a7838,0x00000000e3680000)
  to   space 14336K, 0% used [0x00000000e7000000,0x00000000e7000000,0x00000000e7e00000)
 ParOldGen       total 88064K, used 17788K [0x0000000081c00000, 0x0000000087200000, 0x00000000d5f00000)
  object space 88064K, 20% used [0x0000000081c00000,0x0000000082d5f298,0x0000000087200000)
 Metaspace       used 55435K, capacity 58944K, committed 59136K, reserved 1099776K
  class space    used 7297K, capacity 7916K, committed 7936K, reserved 1048576K
Event: 10.493 GC heap after
Heap after GC invocations=16 (full 3):
 PSYoungGen      total 220672K, used 0K [0x00000000d5f00000, 0x00000000e7e00000, 0x0000000100000000)
  eden space 206848K, 0% used [0x00000000d5f00000,0x00000000d5f00000,0x00000000e2900000)
  from space 13824K, 0% used [0x00000000e2900000,0x00000000e2900000,0x00000000e3680000)
  to   space 14336K, 0% used [0x00000000e7000000,0x00000000e7000000,0x00000000e7e00000)
 ParOldGen       total 123904K, used 24456K [0x0000000081c00000, 0x0000000089500000, 0x00000000d5f00000)
  object space 123904K, 19% used [0x0000000081c00000,0x00000000833e2378,0x0000000089500000)
 Metaspace       used 55435K, capacity 58944K, committed 59136K, reserved 1099776K
  class space    used 7297K, capacity 7916K, committed 7936K, reserved 1048576K
}
Event: 11.884 GC heap before
{Heap before GC invocations=17 (full 3):
 PSYoungGen      total 220672K, used 206848K [0x00000000d5f00000, 0x00000000e7e00000, 0x0000000100000000)
  eden space 206848K, 100% used [0x00000000d5f00000,0x00000000e2900000,0x00000000e2900000)
  from space 13824K, 0% used [0x00000000e2900000,0x00000000e2900000,0x00000000e3680000)
  to   space 14336K, 0% used [0x00000000e7000000,0x00000000e7000000,0x00000000e7e00000)
 ParOldGen       total 123904K, used 24456K [0x0000000081c00000, 0x0000000089500000, 0x00000000d5f00000)
  object space 123904K, 19% used [0x0000000081c00000,0x00000000833e2378,0x0000000089500000)
 Metaspace       used 58187K, capacity 62014K, committed 62080K, reserved 1103872K
  class space    used 7637K, capacity 8279K, committed 8320K, reserved 1048576K
Event: 11.897 GC heap after
Heap after GC invocations=17 (full 3):
 PSYoungGen      total 262144K, used 7039K [0x00000000d5f00000, 0x00000000e7700000, 0x0000000100000000)
  eden space 254976K, 0% used [0x00000000d5f00000,0x00000000d5f00000,0x00000000e5800000)
  from space 7168K, 98% used [0x00000000e7000000,0x00000000e76dff88,0x00000000e7700000)
  to   space 13824K, 0% used [0x00000000e5c00000,0x00000000e5c00000,0x00000000e6980000)
 ParOldGen       total 123904K, used 24464K [0x0000000081c00000, 0x0000000089500000, 0x00000000d5f00000)
  object space 123904K, 19% used [0x0000000081c00000,0x00000000833e4378,0x0000000089500000)
 Metaspace       used 58187K, capacity 62014K, committed 62080K, reserved 1103872K
  class space    used 7637K, capacity 8279K, committed 8320K, reserved 1048576K
}
Event: 14.027 GC heap before
{Heap before GC invocations=18 (full 3):
 PSYoungGen      total 262144K, used 262015K [0x00000000d5f00000, 0x00000000e7700000, 0x0000000100000000)
  eden space 254976K, 100% used [0x00000000d5f00000,0x00000000e5800000,0x00000000e5800000)
  from space 7168K, 98% used [0x00000000e7000000,0x00000000e76dff88,0x00000000e7700000)
  to   space 13824K, 0% used [0x00000000e5c00000,0x00000000e5c00000,0x00000000e6980000)
 ParOldGen       total 123904K, used 24464K [0x0000000081c00000, 0x0000000089500000, 0x00000000d5f00000)
  object space 123904K, 19% used [0x0000000081c00000,0x00000000833e4378,0x0000000089500000)
 Metaspace       used 64246K, capacity 68510K, committed 68608K, reserved 1107968K
  class space    used 8379K, capacity 9125K, committed 9216K, reserved 1048576K
Event: 14.054 GC heap after
Heap after GC invocations=18 (full 3):
 PSYoungGen      total 268800K, used 13817K [0x00000000d5f00000, 0x00000000e7700000, 0x0000000100000000)
  eden space 254976K, 0% used [0x00000000d5f00000,0x00000000d5f00000,0x00000000e5800000)
  from space 13824K, 99% used [0x00000000e5c00000,0x00000000e697e420,0x00000000e6980000)
  to   space 7168K, 0% used [0x00000000e7000000,0x00000000e7000000,0x00000000e7700000)
 ParOldGen       total 123904K, used 26757K [0x0000000081c00000, 0x0000000089500000, 0x00000000d5f00000)
  object space 123904K, 21% used [0x0000000081c00000,0x00000000836216d0,0x0000000089500000)
 Metaspace       used 64246K, capacity 68510K, committed 68608K, reserved 1107968K
  class space    used 8379K, capacity 9125K, committed 9216K, reserved 1048576K
}

