# JRE version: Java(TM) SE Runtime Environment (8.0_241-b07) (build 1.8.0_241-b07)
# Java VM: Java HotSpot(TM) 64-Bit Server VM (25.241-b07 mixed mode windows-amd64 compressed oops)
Heap:
 PSYoungGen      total 338432K, used 39164K [0x00000000d5f00000, 0x00000000ebf80000, 0x0000000100000000)
  eden space 323584K, 7% used [0x00000000d5f00000,0x00000000d76c5f88,0x00000000e9b00000)
  from space 14848K, 99% used [0x00000000ead00000,0x00000000ebb793f8,0x00000000ebb80000)
  to   space 18432K, 0% used [0x00000000e9b00000,0x00000000e9b00000,0x00000000ead00000)
 ParOldGen       total 132096K, used 31305K [0x0000000081c00000, 0x0000000089d00000, 0x00000000d5f00000)
  object space 132096K, 23% used [0x0000000081c00000,0x0000000083a92488,0x0000000089d00000)
 Metaspace       used 65619K, capacity 70084K, committed 70272K, reserved 1110016K
  class space    used 8562K, capacity 9330K, committed 9344K, reserved 1048576K
GC Heap History (10 events):
Event: 8.850 GC heap before
{Heap before GC invocations=13 (full 2):
 PSYoungGen      total 233472K, used 233201K [0x00000000d5f00000, 0x00000000e5c00000, 0x0000000100000000)
  eden space 222208K, 100% used [0x00000000d5f00000,0x00000000e3800000,0x00000000e3800000)
  from space 11264K, 97% used [0x00000000e5100000,0x00000000e5bbc450,0x00000000e5c00000)
  to   space 12288K, 0% used [0x00000000e4400000,0x00000000e4400000,0x00000000e5000000)
 ParOldGen       total 89600K, used 13977K [0x0000000081c00000, 0x0000000087380000, 0x00000000d5f00000)
  object space 89600K, 15% used [0x0000000081c00000,0x00000000829a65c0,0x0000000087380000)
 Metaspace       used 48662K, capacity 51946K, committed 52224K, reserved 1093632K
  class space    used 6508K, capacity 7059K, committed 7168K, reserved 1048576K
Event: 8.861 GC heap after
Heap after GC invocations=13 (full 2):
 PSYoungGen      total 246784K, used 12282K [0x00000000d5f00000, 0x00000000e8880000, 0x0000000100000000)
  eden space 234496K, 0% used [0x00000000d5f00000,0x00000000d5f00000,0x00000000e4400000)
  from space 12288K, 99% used [0x00000000e4400000,0x00000000e4ffea30,0x00000000e5000000)
  to   space 14336K, 0% used [0x00000000e7a80000,0x00000000e7a80000,0x00000000e8880000)
 ParOldGen       total 89600K, used 14903K [0x0000000081c00000, 0x0000000087380000, 0x00000000d5f00000)
  object space 89600K, 16% used [0x0000000081c00000,0x0000000082a8df40,0x0000000087380000)
 Metaspace       used 48662K, capacity 51946K, committed 52224K, reserved 1093632K
  class space    used 6508K, capacity 7059K, committed 7168K, reserved 1048576K
}
Event: 10.227 GC heap before
{Heap before GC invocations=14 (full 2):
 PSYoungGen      total 246784K, used 206579K [0x00000000d5f00000, 0x00000000e8880000, 0x0000000100000000)
  eden space 234496K, 82% used [0x00000000d5f00000,0x00000000e1cbe218,0x00000000e4400000)
  from space 12288K, 99% used [0x00000000e4400000,0x00000000e4ffea30,0x00000000e5000000)
  to   space 14336K, 0% used [0x00000000e7a80000,0x00000000e7a80000,0x00000000e8880000)
 ParOldGen       total 89600K, used 14903K [0x0000000081c00000, 0x0000000087380000, 0x00000000d5f00000)
  object space 89600K, 16% used [0x0000000081c00000,0x0000000082a8df40,0x0000000087380000)
 Metaspace       used 55400K, capacity 58954K, committed 59136K, reserved 1099776K
  class space    used 7299K, capacity 7919K, committed 7936K, reserved 1048576K
Event: 10.251 GC heap after
Heap after GC invocations=14 (full 2):
 PSYoungGen      total 289280K, used 12956K [0x00000000d5f00000, 0x00000000e9b00000, 0x0000000100000000)
  eden space 274944K, 0% used [0x00000000d5f00000,0x00000000d5f00000,0x00000000e6b80000)
  from space 14336K, 90% used [0x00000000e7a80000,0x00000000e8727220,0x00000000e8880000)
  to   space 15360K, 0% used [0x00000000e6b80000,0x00000000e6b80000,0x00000000e7a80000)
 ParOldGen       total 89600K, used 18655K [0x0000000081c00000, 0x0000000087380000, 0x00000000d5f00000)
  object space 89600K, 20% used [0x0000000081c00000,0x0000000082e37fb0,0x0000000087380000)
 Metaspace       used 55400K, capacity 58954K, committed 59136K, reserved 1099776K
  class space    used 7299K, capacity 7919K, committed 7936K, reserved 1048576K
}
Event: 10.251 GC heap before
{Heap before GC invocations=15 (full 3):
 PSYoungGen      total 289280K, used 12956K [0x00000000d5f00000, 0x00000000e9b00000, 0x0000000100000000)
  eden space 274944K, 0% used [0x00000000d5f00000,0x00000000d5f00000,0x00000000e6b80000)
  from space 14336K, 90% used [0x00000000e7a80000,0x00000000e8727220,0x00000000e8880000)
  to   space 15360K, 0% used [0x00000000e6b80000,0x00000000e6b80000,0x00000000e7a80000)
 ParOldGen       total 89600K, used 18655K [0x0000000081c00000, 0x0000000087380000, 0x00000000d5f00000)
  object space 89600K, 20% used [0x0000000081c00000,0x0000000082e37fb0,0x0000000087380000)
 Metaspace       used 55400K, capacity 58954K, committed 59136K, reserved 1099776K
  class space    used 7299K, capacity 7919K, committed 7936K, reserved 1048576K
Event: 10.478 GC heap after
Heap after GC invocations=15 (full 3):
 PSYoungGen      total 289280K, used 0K [0x00000000d5f00000, 0x00000000e9b00000, 0x0000000100000000)
  eden space 274944K, 0% used [0x00000000d5f00000,0x00000000d5f00000,0x00000000e6b80000)
  from space 14336K, 0% used [0x00000000e7a80000,0x00000000e7a80000,0x00000000e8880000)
  to   space 15360K, 0% used [0x00000000e6b80000,0x00000000e6b80000,0x00000000e7a80000)
 ParOldGen       total 132096K, used 27063K [0x0000000081c00000, 0x0000000089d00000, 0x00000000d5f00000)
  object space 132096K, 20% used [0x0000000081c00000,0x000000008366dc80,0x0000000089d00000)
 Metaspace       used 55400K, capacity 58954K, committed 59136K, reserved 1099776K
  class space    used 7299K, capacity 7919K, committed 7936K, reserved 1048576K
}
Event: 12.933 GC heap before
{Heap before GC invocations=16 (full 3):
 PSYoungGen      total 289280K, used 274944K [0x00000000d5f00000, 0x00000000e9b00000, 0x0000000100000000)
  eden space 274944K, 100% used [0x00000000d5f00000,0x00000000e6b80000,0x00000000e6b80000)
  from space 14336K, 0% used [0x00000000e7a80000,0x00000000e7a80000,0x00000000e8880000)
  to   space 15360K, 0% used [0x00000000e6b80000,0x00000000e6b80000,0x00000000e7a80000)
 ParOldGen       total 132096K, used 27063K [0x0000000081c00000, 0x0000000089d00000, 0x00000000d5f00000)
  object space 132096K, 20% used [0x0000000081c00000,0x000000008366dc80,0x0000000089d00000)
 Metaspace       used 58698K, capacity 62558K, committed 62720K, reserved 1103872K
  class space    used 7706K, capacity 8387K, committed 8448K, reserved 1048576K
Event: 12.949 GC heap after
Heap after GC invocations=16 (full 3):
 PSYoungGen      total 290304K, used 9190K [0x00000000d5f00000, 0x00000000ebb80000, 0x0000000100000000)
  eden space 274944K, 0% used [0x00000000d5f00000,0x00000000d5f00000,0x00000000e6b80000)
  from space 15360K, 59% used [0x00000000e6b80000,0x00000000e7479818,0x00000000e7a80000)
  to   space 14848K, 0% used [0x00000000ead00000,0x00000000ead00000,0x00000000ebb80000)
 ParOldGen       total 132096K, used 27071K [0x0000000081c00000, 0x0000000089d00000, 0x00000000d5f00000)
  object space 132096K, 20% used [0x0000000081c00000,0x000000008366fc80,0x0000000089d00000)
 Metaspace       used 58698K, capacity 62558K, committed 62720K, reserved 1103872K
  class space    used 7706K, capacity 8387K, committed 8448K, reserved 1048576K
}
Event: 15.696 GC heap before
{Heap before GC invocations=17 (full 3):
 PSYoungGen      total 290304K, used 284134K [0x00000000d5f00000, 0x00000000ebb80000, 0x0000000100000000)
  eden space 274944K, 100% used [0x00000000d5f00000,0x00000000e6b80000,0x00000000e6b80000)
  from space 15360K, 59% used [0x00000000e6b80000,0x00000000e7479818,0x00000000e7a80000)
  to   space 14848K, 0% used [0x00000000ead00000,0x00000000ead00000,0x00000000ebb80000)
 ParOldGen       total 132096K, used 27071K [0x0000000081c00000, 0x0000000089d00000, 0x00000000d5f00000)
  object space 132096K, 20% used [0x0000000081c00000,0x000000008366fc80,0x0000000089d00000)
 Metaspace       used 65187K, capacity 69562K, committed 69760K, reserved 1110016K
  class space    used 8493K, capacity 9243K, committed 9344K, reserved 1048576K
Event: 15.718 GC heap after
Heap after GC invocations=17 (full 3):
 PSYoungGen      total 338432K, used 14820K [0x00000000d5f00000, 0x00000000ebf80000, 0x0000000100000000)
  eden space 323584K, 0% used [0x00000000d5f00000,0x00000000d5f00000,0x00000000e9b00000)
  from space 14848K, 99% used [0x00000000ead00000,0x00000000ebb793f8,0x00000000ebb80000)
  to   space 18432K, 0% used [0x00000000e9b00000,0x00000000e9b00000,0x00000000ead00000)
 ParOldGen       total 132096K, used 31305K [0x0000000081c00000, 0x0000000089d00000, 0x00000000d5f00000)
  object space 132096K, 23% used [0x0000000081c00000,0x0000000083a92488,0x0000000089d00000)
 Metaspace       used 65187K, capacity 69562K, committed 69760K, reserved 1110016K
  class space    used 8493K, capacity 9243K, committed 9344K, reserved 1048576K
}

