# JRE version: Java(TM) SE Runtime Environment (8.0_241-b07) (build 1.8.0_241-b07)
# Java VM: Java HotSpot(TM) 64-Bit Server VM (25.241-b07 mixed mode windows-amd64 compressed oops)
Heap:
 PSYoungGen      total 380416K, used 84621K [0x00000000d5f00000, 0x00000000f3200000, 0x0000000100000000)
  eden space 362496K, 20% used [0x00000000d5f00000,0x00000000da5fc6e8,0x00000000ec100000)
  from space 17920K, 66% used [0x00000000ec100000,0x00000000ecca7018,0x00000000ed280000)
  to   space 17920K, 0% used [0x00000000f2080000,0x00000000f2080000,0x00000000f3200000)
 ParOldGen       total 130560K, used 24116K [0x0000000081c00000, 0x0000000089b80000, 0x00000000d5f00000)
  object space 130560K, 18% used [0x0000000081c00000,0x000000008338d2b0,0x0000000089b80000)
 Metaspace       used 62334K, capacity 66436K, committed 66688K, reserved 1107968K
  class space    used 8115K, capacity 8828K, committed 8832K, reserved 1048576K
GC Heap History (10 events):
Event: 8.695 GC heap before
{Heap before GC invocations=10 (full 2):
 PSYoungGen      total 214528K, used 202752K [0x00000000d5f00000, 0x00000000eb200000, 0x0000000100000000)
  eden space 202752K, 100% used [0x00000000d5f00000,0x00000000e2500000,0x00000000e2500000)
  from space 11776K, 0% used [0x00000000e2500000,0x00000000e2500000,0x00000000e3080000)
  to   space 12800K, 0% used [0x00000000ea580000,0x00000000ea580000,0x00000000eb200000)
 ParOldGen       total 94208K, used 15496K [0x0000000081c00000, 0x0000000087800000, 0x00000000d5f00000)
  object space 94208K, 16% used [0x0000000081c00000,0x0000000082b22250,0x0000000087800000)
 Metaspace       used 41928K, capacity 44580K, committed 44800K, reserved 1087488K
  class space    used 5604K, capacity 6078K, committed 6144K, reserved 1048576K
Event: 8.721 GC heap after
Heap after GC invocations=10 (full 2):
 PSYoungGen      total 305152K, used 12294K [0x00000000d5f00000, 0x00000000eb200000, 0x0000000100000000)
  eden space 292352K, 0% used [0x00000000d5f00000,0x00000000d5f00000,0x00000000e7c80000)
  from space 12800K, 96% used [0x00000000ea580000,0x00000000eb181b30,0x00000000eb200000)
  to   space 13824K, 0% used [0x00000000e9700000,0x00000000e9700000,0x00000000ea480000)
 ParOldGen       total 94208K, used 15504K [0x0000000081c00000, 0x0000000087800000, 0x00000000d5f00000)
  object space 94208K, 16% used [0x0000000081c00000,0x0000000082b24250,0x0000000087800000)
 Metaspace       used 41928K, capacity 44580K, committed 44800K, reserved 1087488K
  class space    used 5604K, capacity 6078K, committed 6144K, reserved 1048576K
}
Event: 14.601 GC heap before
{Heap before GC invocations=11 (full 2):
 PSYoungGen      total 305152K, used 304646K [0x00000000d5f00000, 0x00000000eb200000, 0x0000000100000000)
  eden space 292352K, 100% used [0x00000000d5f00000,0x00000000e7c80000,0x00000000e7c80000)
  from space 12800K, 96% used [0x00000000ea580000,0x00000000eb181b30,0x00000000eb200000)
  to   space 13824K, 0% used [0x00000000e9700000,0x00000000e9700000,0x00000000ea480000)
 ParOldGen       total 94208K, used 15504K [0x0000000081c00000, 0x0000000087800000, 0x00000000d5f00000)
  object space 94208K, 16% used [0x0000000081c00000,0x0000000082b24250,0x0000000087800000)
 Metaspace       used 52470K, capacity 55862K, committed 56064K, reserved 1097728K
  class space    used 6957K, capacity 7567K, committed 7680K, reserved 1048576K
Event: 14.637 GC heap after
Heap after GC invocations=11 (full 2):
 PSYoungGen      total 333312K, used 13800K [0x00000000d5f00000, 0x00000000ee380000, 0x0000000100000000)
  eden space 319488K, 0% used [0x00000000d5f00000,0x00000000d5f00000,0x00000000e9700000)
  from space 13824K, 99% used [0x00000000e9700000,0x00000000ea47a160,0x00000000ea480000)
  to   space 17408K, 0% used [0x00000000ed280000,0x00000000ed280000,0x00000000ee380000)
 ParOldGen       total 94208K, used 19929K [0x0000000081c00000, 0x0000000087800000, 0x00000000d5f00000)
  object space 94208K, 21% used [0x0000000081c00000,0x0000000082f76558,0x0000000087800000)
 Metaspace       used 52470K, capacity 55862K, committed 56064K, reserved 1097728K
  class space    used 6957K, capacity 7567K, committed 7680K, reserved 1048576K
}
Event: 15.736 GC heap before
{Heap before GC invocations=12 (full 2):
 PSYoungGen      total 333312K, used 119555K [0x00000000d5f00000, 0x00000000ee380000, 0x0000000100000000)
  eden space 319488K, 33% used [0x00000000d5f00000,0x00000000dc646d70,0x00000000e9700000)
  from space 13824K, 99% used [0x00000000e9700000,0x00000000ea47a160,0x00000000ea480000)
  to   space 17408K, 0% used [0x00000000ed280000,0x00000000ed280000,0x00000000ee380000)
 ParOldGen       total 94208K, used 19929K [0x0000000081c00000, 0x0000000087800000, 0x00000000d5f00000)
  object space 94208K, 21% used [0x0000000081c00000,0x0000000082f76558,0x0000000087800000)
 Metaspace       used 55479K, capacity 59018K, committed 59136K, reserved 1099776K
  class space    used 7298K, capacity 7919K, committed 7936K, reserved 1048576K
Event: 15.754 GC heap after
Heap after GC invocations=12 (full 2):
 PSYoungGen      total 379904K, used 13576K [0x00000000d5f00000, 0x00000000f0800000, 0x0000000100000000)
  eden space 362496K, 0% used [0x00000000d5f00000,0x00000000d5f00000,0x00000000ec100000)
  from space 17408K, 77% used [0x00000000ed280000,0x00000000edfc2080,0x00000000ee380000)
  to   space 17920K, 0% used [0x00000000ec100000,0x00000000ec100000,0x00000000ed280000)
 ParOldGen       total 94208K, used 19937K [0x0000000081c00000, 0x0000000087800000, 0x00000000d5f00000)
  object space 94208K, 21% used [0x0000000081c00000,0x0000000082f78558,0x0000000087800000)
 Metaspace       used 55479K, capacity 59018K, committed 59136K, reserved 1099776K
  class space    used 7298K, capacity 7919K, committed 7936K, reserved 1048576K
}
Event: 15.754 GC heap before
{Heap before GC invocations=13 (full 3):
 PSYoungGen      total 379904K, used 13576K [0x00000000d5f00000, 0x00000000f0800000, 0x0000000100000000)
  eden space 362496K, 0% used [0x00000000d5f00000,0x00000000d5f00000,0x00000000ec100000)
  from space 17408K, 77% used [0x00000000ed280000,0x00000000edfc2080,0x00000000ee380000)
  to   space 17920K, 0% used [0x00000000ec100000,0x00000000ec100000,0x00000000ed280000)
 ParOldGen       total 94208K, used 19937K [0x0000000081c00000, 0x0000000087800000, 0x00000000d5f00000)
  object space 94208K, 21% used [0x0000000081c00000,0x0000000082f78558,0x0000000087800000)
 Metaspace       used 55479K, capacity 59018K, committed 59136K, reserved 1099776K
  class space    used 7298K, capacity 7919K, committed 7936K, reserved 1048576K
Event: 15.965 GC heap after
Heap after GC invocations=13 (full 3):
 PSYoungGen      total 379904K, used 0K [0x00000000d5f00000, 0x00000000f0800000, 0x0000000100000000)
  eden space 362496K, 0% used [0x00000000d5f00000,0x00000000d5f00000,0x00000000ec100000)
  from space 17408K, 0% used [0x00000000ed280000,0x00000000ed280000,0x00000000ee380000)
  to   space 17920K, 0% used [0x00000000ec100000,0x00000000ec100000,0x00000000ed280000)
 ParOldGen       total 130560K, used 24108K [0x0000000081c00000, 0x0000000089b80000, 0x00000000d5f00000)
  object space 130560K, 18% used [0x0000000081c00000,0x000000008338b2b0,0x0000000089b80000)
 Metaspace       used 55479K, capacity 59018K, committed 59136K, reserved 1099776K
  class space    used 7298K, capacity 7919K, committed 7936K, reserved 1048576K
}
Event: 19.118 GC heap before
{Heap before GC invocations=14 (full 3):
 PSYoungGen      total 379904K, used 362496K [0x00000000d5f00000, 0x00000000f0800000, 0x0000000100000000)
  eden space 362496K, 100% used [0x00000000d5f00000,0x00000000ec100000,0x00000000ec100000)
  from space 17408K, 0% used [0x00000000ed280000,0x00000000ed280000,0x00000000ee380000)
  to   space 17920K, 0% used [0x00000000ec100000,0x00000000ec100000,0x00000000ed280000)
 ParOldGen       total 130560K, used 24108K [0x0000000081c00000, 0x0000000089b80000, 0x00000000d5f00000)
  object space 130560K, 18% used [0x0000000081c00000,0x000000008338b2b0,0x0000000089b80000)
 Metaspace       used 59893K, capacity 63802K, committed 63872K, reserved 1103872K
  class space    used 7867K, capacity 8547K, committed 8576K, reserved 1048576K
Event: 19.138 GC heap after
Heap after GC invocations=14 (full 3):
 PSYoungGen      total 380416K, used 11932K [0x00000000d5f00000, 0x00000000f3200000, 0x0000000100000000)
  eden space 362496K, 0% used [0x00000000d5f00000,0x00000000d5f00000,0x00000000ec100000)
  from space 17920K, 66% used [0x00000000ec100000,0x00000000ecca7018,0x00000000ed280000)
  to   space 17920K, 0% used [0x00000000f2080000,0x00000000f2080000,0x00000000f3200000)
 ParOldGen       total 130560K, used 24116K [0x0000000081c00000, 0x0000000089b80000, 0x00000000d5f00000)
  object space 130560K, 18% used [0x0000000081c00000,0x000000008338d2b0,0x0000000089b80000)
 Metaspace       used 59893K, capacity 63802K, committed 63872K, reserved 1103872K
  class space    used 7867K, capacity 8547K, committed 8576K, reserved 1048576K
}

