# JRE version: Java(TM) SE Runtime Environment (8.0_241-b07) (build 1.8.0_241-b07)
# Java VM: Java HotSpot(TM) 64-Bit Server VM (25.241-b07 mixed mode windows-amd64 compressed oops)
Heap:
 PSYoungGen      total 279552K, used 174151K [0x00000000d5f00000, 0x00000000e7f00000, 0x0000000100000000)
  eden space 269312K, 64% used [0x00000000d5f00000,0x00000000e0911ec0,0x00000000e6600000)
  from space 10240K, 0% used [0x00000000e7500000,0x00000000e7500000,0x00000000e7f00000)
  to   space 12800K, 0% used [0x00000000e6600000,0x00000000e6600000,0x00000000e7280000)
 ParOldGen       total 88064K, used 26149K [0x0000000081c00000, 0x0000000087200000, 0x00000000d5f00000)
  object space 88064K, 29% used [0x0000000081c00000,0x0000000083589790,0x0000000087200000)
 Metaspace       used 58216K, capacity 62046K, committed 62076K, reserved 1103872K
  class space    used 7645K, capacity 8313K, committed 8320K, reserved 1048576K
GC Heap History (10 events):
Event: 8.754 GC heap before
{Heap before GC invocations=11 (full 2):
 PSYoungGen      total 138240K, used 133120K [0x00000000d5f00000, 0x00000000deb00000, 0x0000000100000000)
  eden space 133120K, 100% used [0x00000000d5f00000,0x00000000de100000,0x00000000de100000)
  from space 5120K, 0% used [0x00000000de600000,0x00000000de600000,0x00000000deb00000)
  to   space 5120K, 0% used [0x00000000de100000,0x00000000de100000,0x00000000de600000)
 ParOldGen       total 66560K, used 16685K [0x0000000081c00000, 0x0000000085d00000, 0x00000000d5f00000)
  object space 66560K, 25% used [0x0000000081c00000,0x0000000082c4b640,0x0000000085d00000)
 Metaspace       used 39480K, capacity 42050K, committed 42236K, reserved 1085440K
  class space    used 5179K, capacity 5627K, committed 5632K, reserved 1048576K
Event: 8.762 GC heap after
Heap after GC invocations=11 (full 2):
 PSYoungGen      total 138240K, used 5099K [0x00000000d5f00000, 0x00000000e3600000, 0x0000000100000000)
  eden space 133120K, 0% used [0x00000000d5f00000,0x00000000d5f00000,0x00000000de100000)
  from space 5120K, 99% used [0x00000000de100000,0x00000000de5faef8,0x00000000de600000)
  to   space 12288K, 0% used [0x00000000e2a00000,0x00000000e2a00000,0x00000000e3600000)
 ParOldGen       total 66560K, used 19886K [0x0000000081c00000, 0x0000000085d00000, 0x00000000d5f00000)
  object space 66560K, 29% used [0x0000000081c00000,0x0000000082f6b878,0x0000000085d00000)
 Metaspace       used 39480K, capacity 42050K, committed 42236K, reserved 1085440K
  class space    used 5179K, capacity 5627K, committed 5632K, reserved 1048576K
}
Event: 10.345 GC heap before
{Heap before GC invocations=12 (full 2):
 PSYoungGen      total 138240K, used 138219K [0x00000000d5f00000, 0x00000000e3600000, 0x0000000100000000)
  eden space 133120K, 100% used [0x00000000d5f00000,0x00000000de100000,0x00000000de100000)
  from space 5120K, 99% used [0x00000000de100000,0x00000000de5faef8,0x00000000de600000)
  to   space 12288K, 0% used [0x00000000e2a00000,0x00000000e2a00000,0x00000000e3600000)
 ParOldGen       total 66560K, used 19886K [0x0000000081c00000, 0x0000000085d00000, 0x00000000d5f00000)
  object space 66560K, 29% used [0x0000000081c00000,0x0000000082f6b878,0x0000000085d00000)
 Metaspace       used 44825K, capacity 47938K, committed 47996K, reserved 1091584K
  class space    used 5971K, capacity 6519K, committed 6528K, reserved 1048576K
Event: 10.356 GC heap after
Heap after GC invocations=12 (full 2):
 PSYoungGen      total 202752K, used 10275K [0x00000000d5f00000, 0x00000000e3480000, 0x0000000100000000)
  eden space 192000K, 0% used [0x00000000d5f00000,0x00000000d5f00000,0x00000000e1a80000)
  from space 10752K, 95% used [0x00000000e2a00000,0x00000000e3408ea8,0x00000000e3480000)
  to   space 12800K, 0% used [0x00000000e1b80000,0x00000000e1b80000,0x00000000e2800000)
 ParOldGen       total 66560K, used 19894K [0x0000000081c00000, 0x0000000085d00000, 0x00000000d5f00000)
  object space 66560K, 29% used [0x0000000081c00000,0x0000000082f6d878,0x0000000085d00000)
 Metaspace       used 44825K, capacity 47938K, committed 47996K, reserved 1091584K
  class space    used 5971K, capacity 6519K, committed 6528K, reserved 1048576K
}
Event: 12.731 GC heap before
{Heap before GC invocations=13 (full 2):
 PSYoungGen      total 202752K, used 202275K [0x00000000d5f00000, 0x00000000e3480000, 0x0000000100000000)
  eden space 192000K, 100% used [0x00000000d5f00000,0x00000000e1a80000,0x00000000e1a80000)
  from space 10752K, 95% used [0x00000000e2a00000,0x00000000e3408ea8,0x00000000e3480000)
  to   space 12800K, 0% used [0x00000000e1b80000,0x00000000e1b80000,0x00000000e2800000)
 ParOldGen       total 66560K, used 19894K [0x0000000081c00000, 0x0000000085d00000, 0x00000000d5f00000)
  object space 66560K, 29% used [0x0000000081c00000,0x0000000082f6d878,0x0000000085d00000)
 Metaspace       used 51735K, capacity 55200K, committed 55420K, reserved 1097728K
  class space    used 6891K, capacity 7514K, committed 7552K, reserved 1048576K
Event: 12.748 GC heap after
Heap after GC invocations=13 (full 2):
 PSYoungGen      total 205824K, used 8803K [0x00000000d5f00000, 0x00000000e8180000, 0x0000000100000000)
  eden space 193024K, 0% used [0x00000000d5f00000,0x00000000d5f00000,0x00000000e1b80000)
  from space 12800K, 68% used [0x00000000e1b80000,0x00000000e2418f70,0x00000000e2800000)
  to   space 12800K, 0% used [0x00000000e7500000,0x00000000e7500000,0x00000000e8180000)
 ParOldGen       total 66560K, used 26282K [0x0000000081c00000, 0x0000000085d00000, 0x00000000d5f00000)
  object space 66560K, 39% used [0x0000000081c00000,0x00000000835aa928,0x0000000085d00000)
 Metaspace       used 51735K, capacity 55200K, committed 55420K, reserved 1097728K
  class space    used 6891K, capacity 7514K, committed 7552K, reserved 1048576K
}
Event: 14.023 GC heap before
{Heap before GC invocations=14 (full 2):
 PSYoungGen      total 205824K, used 166861K [0x00000000d5f00000, 0x00000000e8180000, 0x0000000100000000)
  eden space 193024K, 81% used [0x00000000d5f00000,0x00000000df95a4e0,0x00000000e1b80000)
  from space 12800K, 68% used [0x00000000e1b80000,0x00000000e2418f70,0x00000000e2800000)
  to   space 12800K, 0% used [0x00000000e7500000,0x00000000e7500000,0x00000000e8180000)
 ParOldGen       total 66560K, used 26282K [0x0000000081c00000, 0x0000000085d00000, 0x00000000d5f00000)
  object space 66560K, 39% used [0x0000000081c00000,0x00000000835aa928,0x0000000085d00000)
 Metaspace       used 56422K, capacity 59960K, committed 60028K, reserved 1101824K
  class space    used 7400K, capacity 8028K, committed 8064K, reserved 1048576K
Event: 14.039 GC heap after
Heap after GC invocations=14 (full 2):
 PSYoungGen      total 279552K, used 6088K [0x00000000d5f00000, 0x00000000e7f00000, 0x0000000100000000)
  eden space 269312K, 0% used [0x00000000d5f00000,0x00000000d5f00000,0x00000000e6600000)
  from space 10240K, 59% used [0x00000000e7500000,0x00000000e7af2310,0x00000000e7f00000)
  to   space 12800K, 0% used [0x00000000e6600000,0x00000000e6600000,0x00000000e7280000)
 ParOldGen       total 66560K, used 29455K [0x0000000081c00000, 0x0000000085d00000, 0x00000000d5f00000)
  object space 66560K, 44% used [0x0000000081c00000,0x00000000838c3ed8,0x0000000085d00000)
 Metaspace       used 56422K, capacity 59960K, committed 60028K, reserved 1101824K
  class space    used 7400K, capacity 8028K, committed 8064K, reserved 1048576K
}
Event: 14.039 GC heap before
{Heap before GC invocations=15 (full 3):
 PSYoungGen      total 279552K, used 6088K [0x00000000d5f00000, 0x00000000e7f00000, 0x0000000100000000)
  eden space 269312K, 0% used [0x00000000d5f00000,0x00000000d5f00000,0x00000000e6600000)
  from space 10240K, 59% used [0x00000000e7500000,0x00000000e7af2310,0x00000000e7f00000)
  to   space 12800K, 0% used [0x00000000e6600000,0x00000000e6600000,0x00000000e7280000)
 ParOldGen       total 66560K, used 29455K [0x0000000081c00000, 0x0000000085d00000, 0x00000000d5f00000)
  object space 66560K, 44% used [0x0000000081c00000,0x00000000838c3ed8,0x0000000085d00000)
 Metaspace       used 56422K, capacity 59960K, committed 60028K, reserved 1101824K
  class space    used 7400K, capacity 8028K, committed 8064K, reserved 1048576K
Event: 14.238 GC heap after
Heap after GC invocations=15 (full 3):
 PSYoungGen      total 279552K, used 0K [0x00000000d5f00000, 0x00000000e7f00000, 0x0000000100000000)
  eden space 269312K, 0% used [0x00000000d5f00000,0x00000000d5f00000,0x00000000e6600000)
  from space 10240K, 0% used [0x00000000e7500000,0x00000000e7500000,0x00000000e7f00000)
  to   space 12800K, 0% used [0x00000000e6600000,0x00000000e6600000,0x00000000e7280000)
 ParOldGen       total 88064K, used 26149K [0x0000000081c00000, 0x0000000087200000, 0x00000000d5f00000)
  object space 88064K, 29% used [0x0000000081c00000,0x0000000083589790,0x0000000087200000)
 Metaspace       used 56422K, capacity 59960K, committed 60028K, reserved 1101824K
  class space    used 7400K, capacity 8028K, committed 8064K, reserved 1048576K
}

