# JRE version: Java(TM) SE Runtime Environment (8.0_241-b07) (build 1.8.0_241-b07)
# Java VM: Java HotSpot(TM) 64-Bit Server VM (25.241-b07 mixed mode windows-amd64 compressed oops)
Heap:
 PSYoungGen      total 251392K, used 36069K [0x00000000d5f00000, 0x00000000e6080000, 0x0000000100000000)
  eden space 239104K, 15% used [0x00000000d5f00000,0x00000000d8239450,0x00000000e4880000)
  from space 12288K, 0% used [0x00000000e4880000,0x00000000e4880000,0x00000000e5480000)
  to   space 9216K, 0% used [0x00000000e5780000,0x00000000e5780000,0x00000000e6080000)
 ParOldGen       total 73216K, used 34343K [0x0000000081c00000, 0x0000000086380000, 0x00000000d5f00000)
  object space 73216K, 46% used [0x0000000081c00000,0x0000000083d89df0,0x0000000086380000)
 Metaspace       used 55592K, capacity 59200K, committed 59312K, reserved 1114112K
  class space    used 7404K, capacity 8029K, committed 8112K, reserved 1048576K
GC Heap History (10 events):
Event: 6.597 GC heap before
{Heap before GC invocations=12 (full 2):
 PSYoungGen      total 186368K, used 9348K [0x00000000d5f00000, 0x00000000e2100000, 0x0000000100000000)
  eden space 176128K, 0% used [0x00000000d5f00000,0x00000000d5f00000,0x00000000e0b00000)
  from space 10240K, 91% used [0x00000000e1700000,0x00000000e2021370,0x00000000e2100000)
  to   space 11264K, 0% used [0x00000000e0b00000,0x00000000e0b00000,0x00000000e1600000)
 ParOldGen       total 48640K, used 12176K [0x0000000081c00000, 0x0000000084b80000, 0x00000000d5f00000)
  object space 48640K, 25% used [0x0000000081c00000,0x00000000827e4130,0x0000000084b80000)
 Metaspace       used 33816K, capacity 35400K, committed 35496K, reserved 1079296K
  class space    used 4496K, capacity 4836K, committed 4912K, reserved 1048576K
Event: 6.646 GC heap after
Heap after GC invocations=12 (full 2):
 PSYoungGen      total 186368K, used 0K [0x00000000d5f00000, 0x00000000e2100000, 0x0000000100000000)
  eden space 176128K, 0% used [0x00000000d5f00000,0x00000000d5f00000,0x00000000e0b00000)
  from space 10240K, 0% used [0x00000000e1700000,0x00000000e1700000,0x00000000e2100000)
  to   space 11264K, 0% used [0x00000000e0b00000,0x00000000e0b00000,0x00000000e1600000)
 ParOldGen       total 73216K, used 17515K [0x0000000081c00000, 0x0000000086380000, 0x00000000d5f00000)
  object space 73216K, 23% used [0x0000000081c00000,0x0000000082d1ad38,0x0000000086380000)
 Metaspace       used 33816K, capacity 35400K, committed 35496K, reserved 1079296K
  class space    used 4496K, capacity 4836K, committed 4912K, reserved 1048576K
}
Event: 8.694 GC heap before
{Heap before GC invocations=13 (full 2):
 PSYoungGen      total 186368K, used 176128K [0x00000000d5f00000, 0x00000000e2100000, 0x0000000100000000)
  eden space 176128K, 100% used [0x00000000d5f00000,0x00000000e0b00000,0x00000000e0b00000)
  from space 10240K, 0% used [0x00000000e1700000,0x00000000e1700000,0x00000000e2100000)
  to   space 11264K, 0% used [0x00000000e0b00000,0x00000000e0b00000,0x00000000e1600000)
 ParOldGen       total 73216K, used 17515K [0x0000000081c00000, 0x0000000086380000, 0x00000000d5f00000)
  object space 73216K, 23% used [0x0000000081c00000,0x0000000082d1ad38,0x0000000086380000)
 Metaspace       used 42728K, capacity 45170K, committed 45360K, reserved 1089536K
  class space    used 5709K, capacity 6179K, committed 6192K, reserved 1048576K
Event: 8.708 GC heap after
Heap after GC invocations=13 (full 2):
 PSYoungGen      total 187392K, used 11243K [0x00000000d5f00000, 0x00000000e6380000, 0x0000000100000000)
  eden space 176128K, 0% used [0x00000000d5f00000,0x00000000d5f00000,0x00000000e0b00000)
  from space 11264K, 99% used [0x00000000e0b00000,0x00000000e15fad68,0x00000000e1600000)
  to   space 12288K, 0% used [0x00000000e5780000,0x00000000e5780000,0x00000000e6380000)
 ParOldGen       total 73216K, used 17601K [0x0000000081c00000, 0x0000000086380000, 0x00000000d5f00000)
  object space 73216K, 24% used [0x0000000081c00000,0x0000000082d306d8,0x0000000086380000)
 Metaspace       used 42728K, capacity 45170K, committed 45360K, reserved 1089536K
  class space    used 5709K, capacity 6179K, committed 6192K, reserved 1048576K
}
Event: 9.847 GC heap before
{Heap before GC invocations=14 (full 2):
 PSYoungGen      total 187392K, used 187371K [0x00000000d5f00000, 0x00000000e6380000, 0x0000000100000000)
  eden space 176128K, 100% used [0x00000000d5f00000,0x00000000e0b00000,0x00000000e0b00000)
  from space 11264K, 99% used [0x00000000e0b00000,0x00000000e15fad68,0x00000000e1600000)
  to   space 12288K, 0% used [0x00000000e5780000,0x00000000e5780000,0x00000000e6380000)
 ParOldGen       total 73216K, used 17601K [0x0000000081c00000, 0x0000000086380000, 0x00000000d5f00000)
  object space 73216K, 24% used [0x0000000081c00000,0x0000000082d306d8,0x0000000086380000)
 Metaspace       used 48796K, capacity 51504K, committed 51760K, reserved 1093632K
  class space    used 6448K, capacity 6954K, committed 6960K, reserved 1048576K
Event: 9.863 GC heap after
Heap after GC invocations=14 (full 2):
 PSYoungGen      total 248320K, used 8876K [0x00000000d5f00000, 0x00000000e6080000, 0x0000000100000000)
  eden space 239104K, 0% used [0x00000000d5f00000,0x00000000d5f00000,0x00000000e4880000)
  from space 9216K, 96% used [0x00000000e5780000,0x00000000e602b2b8,0x00000000e6080000)
  to   space 12288K, 0% used [0x00000000e4880000,0x00000000e4880000,0x00000000e5480000)
 ParOldGen       total 73216K, used 21997K [0x0000000081c00000, 0x0000000086380000, 0x00000000d5f00000)
  object space 73216K, 30% used [0x0000000081c00000,0x000000008317b4b8,0x0000000086380000)
 Metaspace       used 48796K, capacity 51504K, committed 51760K, reserved 1093632K
  class space    used 6448K, capacity 6954K, committed 6960K, reserved 1048576K
}
Event: 11.651 GC heap before
{Heap before GC invocations=15 (full 2):
 PSYoungGen      total 248320K, used 187560K [0x00000000d5f00000, 0x00000000e6080000, 0x0000000100000000)
  eden space 239104K, 74% used [0x00000000d5f00000,0x00000000e0d7ef30,0x00000000e4880000)
  from space 9216K, 96% used [0x00000000e5780000,0x00000000e602b2b8,0x00000000e6080000)
  to   space 12288K, 0% used [0x00000000e4880000,0x00000000e4880000,0x00000000e5480000)
 ParOldGen       total 73216K, used 21997K [0x0000000081c00000, 0x0000000086380000, 0x00000000d5f00000)
  object space 73216K, 30% used [0x0000000081c00000,0x000000008317b4b8,0x0000000086380000)
 Metaspace       used 55101K, capacity 58604K, committed 58672K, reserved 1110016K
  class space    used 7319K, capacity 7917K, committed 7984K, reserved 1048576K
Event: 11.675 GC heap after
Heap after GC invocations=15 (full 2):
 PSYoungGen      total 251392K, used 12267K [0x00000000d5f00000, 0x00000000e6080000, 0x0000000100000000)
  eden space 239104K, 0% used [0x00000000d5f00000,0x00000000d5f00000,0x00000000e4880000)
  from space 12288K, 99% used [0x00000000e4880000,0x00000000e547ae48,0x00000000e5480000)
  to   space 9216K, 0% used [0x00000000e5780000,0x00000000e5780000,0x00000000e6080000)
 ParOldGen       total 73216K, used 27511K [0x0000000081c00000, 0x0000000086380000, 0x00000000d5f00000)
  object space 73216K, 37% used [0x0000000081c00000,0x00000000836ddd78,0x0000000086380000)
 Metaspace       used 55101K, capacity 58604K, committed 58672K, reserved 1110016K
  class space    used 7319K, capacity 7917K, committed 7984K, reserved 1048576K
}
Event: 11.675 GC heap before
{Heap before GC invocations=16 (full 3):
 PSYoungGen      total 251392K, used 12267K [0x00000000d5f00000, 0x00000000e6080000, 0x0000000100000000)
  eden space 239104K, 0% used [0x00000000d5f00000,0x00000000d5f00000,0x00000000e4880000)
  from space 12288K, 99% used [0x00000000e4880000,0x00000000e547ae48,0x00000000e5480000)
  to   space 9216K, 0% used [0x00000000e5780000,0x00000000e5780000,0x00000000e6080000)
 ParOldGen       total 73216K, used 27511K [0x0000000081c00000, 0x0000000086380000, 0x00000000d5f00000)
  object space 73216K, 37% used [0x0000000081c00000,0x00000000836ddd78,0x0000000086380000)
 Metaspace       used 55101K, capacity 58604K, committed 58672K, reserved 1110016K
  class space    used 7319K, capacity 7917K, committed 7984K, reserved 1048576K
Event: 11.945 GC heap after
Heap after GC invocations=16 (full 3):
 PSYoungGen      total 251392K, used 0K [0x00000000d5f00000, 0x00000000e6080000, 0x0000000100000000)
  eden space 239104K, 0% used [0x00000000d5f00000,0x00000000d5f00000,0x00000000e4880000)
  from space 12288K, 0% used [0x00000000e4880000,0x00000000e4880000,0x00000000e5480000)
  to   space 9216K, 0% used [0x00000000e5780000,0x00000000e5780000,0x00000000e6080000)
 ParOldGen       total 73216K, used 34343K [0x0000000081c00000, 0x0000000086380000, 0x00000000d5f00000)
  object space 73216K, 46% used [0x0000000081c00000,0x0000000083d89df0,0x0000000086380000)
 Metaspace       used 55068K, capacity 58550K, committed 58672K, reserved 1107968K
  class space    used 7314K, capacity 7908K, committed 7984K, reserved 1048576K
}

