# JRE version: Java(TM) SE Runtime Environment (8.0_241-b07) (build 1.8.0_241-b07)
# Java VM: Java HotSpot(TM) 64-Bit Server VM (25.241-b07 mixed mode windows-amd64 compressed oops)
Heap:
 PSYoungGen      total 71680K, used 65332K [0x00000000d5f00000, 0x00000000dd980000, 0x0000000100000000)
  eden space 62976K, 96% used [0x00000000d5f00000,0x00000000d9a420c8,0x00000000d9c80000)
  from space 8704K, 53% used [0x00000000d9c80000,0x00000000da10b048,0x00000000da500000)
  to   space 8704K, 0% used [0x00000000dd100000,0x00000000dd100000,0x00000000dd980000)
 ParOldGen       total 55808K, used 7844K [0x0000000081c00000, 0x0000000085280000, 0x00000000d5f00000)
  object space 55808K, 14% used [0x0000000081c00000,0x00000000823a9328,0x0000000085280000)
 Metaspace       used 27160K, capacity 29176K, committed 29440K, reserved 1075200K
  class space    used 3672K, capacity 4068K, committed 4096K, reserved 1048576K
GC Heap History (10 events):
Event: 3.439 GC heap before
{Heap before GC invocations=4 (full 0):
 PSYoungGen      total 38400K, used 38389K [0x00000000d5f00000, 0x00000000daa00000, 0x0000000100000000)
  eden space 33280K, 100% used [0x00000000d5f00000,0x00000000d7f80000,0x00000000d7f80000)
  from space 5120K, 99% used [0x00000000d7f80000,0x00000000d847d520,0x00000000d8480000)
  to   space 5120K, 0% used [0x00000000da500000,0x00000000da500000,0x00000000daa00000)
 ParOldGen       total 87552K, used 2182K [0x0000000081c00000, 0x0000000087180000, 0x00000000d5f00000)
  object space 87552K, 2% used [0x0000000081c00000,0x0000000081e21be8,0x0000000087180000)
 Metaspace       used 16389K, capacity 17984K, committed 18176K, reserved 1064960K
  class space    used 2185K, capacity 2486K, committed 2560K, reserved 1048576K
Event: 3.451 GC heap after
Heap after GC invocations=4 (full 0):
 PSYoungGen      total 71680K, used 5094K [0x00000000d5f00000, 0x00000000daa00000, 0x0000000100000000)
  eden space 66560K, 0% used [0x00000000d5f00000,0x00000000d5f00000,0x00000000da000000)
  from space 5120K, 99% used [0x00000000da500000,0x00000000da9f99b0,0x00000000daa00000)
  to   space 5120K, 0% used [0x00000000da000000,0x00000000da000000,0x00000000da500000)
 ParOldGen       total 87552K, used 3830K [0x0000000081c00000, 0x0000000087180000, 0x00000000d5f00000)
  object space 87552K, 4% used [0x0000000081c00000,0x0000000081fbdbc8,0x0000000087180000)
 Metaspace       used 16389K, capacity 17984K, committed 18176K, reserved 1064960K
  class space    used 2185K, capacity 2486K, committed 2560K, reserved 1048576K
}
Event: 4.045 GC heap before
{Heap before GC invocations=5 (full 0):
 PSYoungGen      total 71680K, used 30425K [0x00000000d5f00000, 0x00000000daa00000, 0x0000000100000000)
  eden space 66560K, 38% used [0x00000000d5f00000,0x00000000d77bcc78,0x00000000da000000)
  from space 5120K, 99% used [0x00000000da500000,0x00000000da9f99b0,0x00000000daa00000)
  to   space 5120K, 0% used [0x00000000da000000,0x00000000da000000,0x00000000da500000)
 ParOldGen       total 87552K, used 3830K [0x0000000081c00000, 0x0000000087180000, 0x00000000d5f00000)
  object space 87552K, 4% used [0x0000000081c00000,0x0000000081fbdbc8,0x0000000087180000)
 Metaspace       used 19595K, capacity 21276K, committed 21296K, reserved 1067008K
  class space    used 2619K, capacity 2944K, committed 2944K, reserved 1048576K
Event: 4.055 GC heap after
Heap after GC invocations=5 (full 0):
 PSYoungGen      total 71680K, used 5099K [0x00000000d5f00000, 0x00000000daa00000, 0x0000000100000000)
  eden space 66560K, 0% used [0x00000000d5f00000,0x00000000d5f00000,0x00000000da000000)
  from space 5120K, 99% used [0x00000000da000000,0x00000000da4fac08,0x00000000da500000)
  to   space 5120K, 0% used [0x00000000da500000,0x00000000da500000,0x00000000daa00000)
 ParOldGen       total 87552K, used 6519K [0x0000000081c00000, 0x0000000087180000, 0x00000000d5f00000)
  object space 87552K, 7% used [0x0000000081c00000,0x000000008225dc48,0x0000000087180000)
 Metaspace       used 19595K, capacity 21276K, committed 21296K, reserved 1067008K
  class space    used 2619K, capacity 2944K, committed 2944K, reserved 1048576K
}
Event: 4.055 GC heap before
{Heap before GC invocations=6 (full 1):
 PSYoungGen      total 71680K, used 5099K [0x00000000d5f00000, 0x00000000daa00000, 0x0000000100000000)
  eden space 66560K, 0% used [0x00000000d5f00000,0x00000000d5f00000,0x00000000da000000)
  from space 5120K, 99% used [0x00000000da000000,0x00000000da4fac08,0x00000000da500000)
  to   space 5120K, 0% used [0x00000000da500000,0x00000000da500000,0x00000000daa00000)
 ParOldGen       total 87552K, used 6519K [0x0000000081c00000, 0x0000000087180000, 0x00000000d5f00000)
  object space 87552K, 7% used [0x0000000081c00000,0x000000008225dc48,0x0000000087180000)
 Metaspace       used 19595K, capacity 21276K, committed 21296K, reserved 1067008K
  class space    used 2619K, capacity 2944K, committed 2944K, reserved 1048576K
Event: 4.095 GC heap after
Heap after GC invocations=6 (full 1):
 PSYoungGen      total 71680K, used 0K [0x00000000d5f00000, 0x00000000daa00000, 0x0000000100000000)
  eden space 66560K, 0% used [0x00000000d5f00000,0x00000000d5f00000,0x00000000da000000)
  from space 5120K, 0% used [0x00000000da000000,0x00000000da000000,0x00000000da500000)
  to   space 5120K, 0% used [0x00000000da500000,0x00000000da500000,0x00000000daa00000)
 ParOldGen       total 55808K, used 7828K [0x0000000081c00000, 0x0000000085280000, 0x00000000d5f00000)
  object space 55808K, 14% used [0x0000000081c00000,0x00000000823a5328,0x0000000085280000)
 Metaspace       used 19595K, capacity 21276K, committed 21296K, reserved 1067008K
  class space    used 2619K, capacity 2944K, committed 2944K, reserved 1048576K
}
Event: 4.451 GC heap before
{Heap before GC invocations=7 (full 1):
 PSYoungGen      total 71680K, used 66560K [0x00000000d5f00000, 0x00000000daa00000, 0x0000000100000000)
  eden space 66560K, 100% used [0x00000000d5f00000,0x00000000da000000,0x00000000da000000)
  from space 5120K, 0% used [0x00000000da000000,0x00000000da000000,0x00000000da500000)
  to   space 5120K, 0% used [0x00000000da500000,0x00000000da500000,0x00000000daa00000)
 ParOldGen       total 55808K, used 7828K [0x0000000081c00000, 0x0000000085280000, 0x00000000d5f00000)
  object space 55808K, 14% used [0x0000000081c00000,0x00000000823a5328,0x0000000085280000)
 Metaspace       used 22953K, capacity 24810K, committed 25088K, reserved 1071104K
  class space    used 3139K, capacity 3485K, committed 3584K, reserved 1048576K
Event: 4.455 GC heap after
Heap after GC invocations=7 (full 1):
 PSYoungGen      total 68096K, used 3603K [0x00000000d5f00000, 0x00000000dda80000, 0x0000000100000000)
  eden space 62976K, 0% used [0x00000000d5f00000,0x00000000d5f00000,0x00000000d9c80000)
  from space 5120K, 70% used [0x00000000da500000,0x00000000da884cd0,0x00000000daa00000)
  to   space 8704K, 0% used [0x00000000d9c80000,0x00000000d9c80000,0x00000000da500000)
 ParOldGen       total 55808K, used 7836K [0x0000000081c00000, 0x0000000085280000, 0x00000000d5f00000)
  object space 55808K, 14% used [0x0000000081c00000,0x00000000823a7328,0x0000000085280000)
 Metaspace       used 22953K, capacity 24810K, committed 25088K, reserved 1071104K
  class space    used 3139K, capacity 3485K, committed 3584K, reserved 1048576K
}
Event: 4.927 GC heap before
{Heap before GC invocations=8 (full 1):
 PSYoungGen      total 68096K, used 66579K [0x00000000d5f00000, 0x00000000dda80000, 0x0000000100000000)
  eden space 62976K, 100% used [0x00000000d5f00000,0x00000000d9c80000,0x00000000d9c80000)
  from space 5120K, 70% used [0x00000000da500000,0x00000000da884cd0,0x00000000daa00000)
  to   space 8704K, 0% used [0x00000000d9c80000,0x00000000d9c80000,0x00000000da500000)
 ParOldGen       total 55808K, used 7836K [0x0000000081c00000, 0x0000000085280000, 0x00000000d5f00000)
  object space 55808K, 14% used [0x0000000081c00000,0x00000000823a7328,0x0000000085280000)
 Metaspace       used 25004K, capacity 26916K, committed 27136K, reserved 1073152K
  class space    used 3469K, capacity 3838K, committed 3840K, reserved 1048576K
Event: 4.949 GC heap after
Heap after GC invocations=8 (full 1):
 PSYoungGen      total 71680K, used 4652K [0x00000000d5f00000, 0x00000000dd980000, 0x0000000100000000)
  eden space 62976K, 0% used [0x00000000d5f00000,0x00000000d5f00000,0x00000000d9c80000)
  from space 8704K, 53% used [0x00000000d9c80000,0x00000000da10b048,0x00000000da500000)
  to   space 8704K, 0% used [0x00000000dd100000,0x00000000dd100000,0x00000000dd980000)
 ParOldGen       total 55808K, used 7844K [0x0000000081c00000, 0x0000000085280000, 0x00000000d5f00000)
  object space 55808K, 14% used [0x0000000081c00000,0x00000000823a9328,0x0000000085280000)
 Metaspace       used 25004K, capacity 26916K, committed 27136K, reserved 1073152K
  class space    used 3469K, capacity 3838K, committed 3840K, reserved 1048576K
}

